Test: fpga12_12_sat.cnf
Options: -print-activity -no-inverting-opt -sym-var-bump
WARNING: for repeatability, setting FPU to use double precision
============================[ Problem Statistics ]=============================
|                                                                             |
|  Number of symmetries:           32                                         |
|  Number of invertingSyms:         0                                         |
|  Number of variables:           216                                         |
|  Number of clauses:            1128                                         |
|  Parse time:                   0.00 s                                       |
|                                                                             |
============================[ Search Statistics ]==============================
| Conflicts |          ORIGINAL         |          LEARNT          | Progress |
|           |    Vars  Clauses Literals |    Limit  Clauses Lit/Cl |          |
===============================================================================
ActiveSyms: 32
ActiveSyms: 27
ActiveSyms: 24
ActiveSyms: 22
ActiveSyms: 20
ActiveSyms: 19
ActiveSyms: 18
ActiveSyms: 18
ActiveSyms: 18
ActiveSyms: 15
ActiveSyms: 15
ActiveSyms: 13
ActiveSyms: 14
ActiveSyms: 15
ActiveSyms: 14
ActiveSyms: 13
ActiveSyms: 13
ActiveSyms: 13
ActiveSyms: 14
ActiveSyms: 14
ActiveSyms: 14
ActiveSyms: 14
ActiveSyms: 11
ActiveSyms: 12
ActiveSyms: 10
ActiveSyms: 9
ActiveSyms: 7
ActiveSyms: 6
ActiveSyms: 6
ActiveSyms: 6
ActiveSyms: 5
ActiveSyms: 5
ActiveSyms: 6
ActiveSyms: 6
ActiveSyms: 6
ActiveSyms: 6
ActiveSyms: 5
ActiveSyms: 5
ActiveSyms: 5
ActiveSyms: 4
ActiveSyms: 4
ActiveSyms: 4
ActiveSyms: 6
ActiveSyms: 6
ActiveSyms: 7
ActiveSyms: 5
ActiveSyms: 5
ActiveSyms: 4
ActiveSyms: 4
ActiveSyms: 4
ActiveSyms: 5
ActiveSyms: 5
ActiveSyms: 5
ActiveSyms: 4
ActiveSyms: 4
ActiveSyms: 2
ActiveSyms: 5
ActiveSyms: 6
ActiveSyms: 6
ActiveSyms: 6
ActiveSyms: 5
ActiveSyms: 6
ActiveSyms: 6
ActiveSyms: 6
ActiveSyms: 6
ActiveSyms: 6
ActiveSyms: 6
ActiveSyms: 6
ActiveSyms: 6
ActiveSyms: 7
ActiveSyms: 7
ActiveSyms: 7
ActiveSyms: 5
ActiveSyms: 5
ActiveSyms: 6
ActiveSyms: 7
ActiveSyms: 6
ActiveSyms: 5
ActiveSyms: 6
ActiveSyms: 7
ActiveSyms: 8
ActiveSyms: 9
ActiveSyms: 8
ActiveSyms: 7
ActiveSyms: 6
ActiveSyms: 9
ActiveSyms: 9
ActiveSyms: 10
ActiveSyms: 10
ActiveSyms: 12
ActiveSyms: 13
ActiveSyms: 12
ActiveSyms: 13
ActiveSyms: 12
ActiveSyms: 11
ActiveSyms: 11
ActiveSyms: 10
ActiveSyms: 10
ActiveSyms: 10
ActiveSyms: 9
ActiveSyms: 9
ActiveSyms: 10
ActiveSyms: 11
ActiveSyms: 10
ActiveSyms: 9
ActiveSyms: 12
ActiveSyms: 14
ActiveSyms: 16
ActiveSyms: 15
ActiveSyms: 16
ActiveSyms: 15
ActiveSyms: 17
ActiveSyms: 22
ActiveSyms: 20
ActiveSyms: 19
ActiveSyms: 17
ActiveSyms: 15
ActiveSyms: 15
ActiveSyms: 15
ActiveSyms: 15
ActiveSyms: 13
ActiveSyms: 11
ActiveSyms: 12
ActiveSyms: 10
ActiveSyms: 11
ActiveSyms: 12
ActiveSyms: 10
ActiveSyms: 9
ActiveSyms: 9
ActiveSyms: 8
ActiveSyms: 8
ActiveSyms: 9
ActiveSyms: 8
ActiveSyms: 8
ActiveSyms: 8
ActiveSyms: 8
ActiveSyms: 7
ActiveSyms: 6
ActiveSyms: 6
ActiveSyms: 6
ActiveSyms: 6
ActiveSyms: 8
ActiveSyms: 8
ActiveSyms: 8
ActiveSyms: 8
ActiveSyms: 8
ActiveSyms: 8
ActiveSyms: 8
ActiveSyms: 9
ActiveSyms: 8
ActiveSyms: 9
ActiveSyms: 9
ActiveSyms: 10
ActiveSyms: 10
ActiveSyms: 15
ActiveSyms: 22
ActiveSyms: 15
ActiveSyms: 13
ActiveSyms: 11
ActiveSyms: 10
ActiveSyms: 11
ActiveSyms: 13
ActiveSyms: 16
ActiveSyms: 15
ActiveSyms: 15
ActiveSyms: 13
ActiveSyms: 12
ActiveSyms: 10
ActiveSyms: 16
ActiveSyms: 14
ActiveSyms: 12
ActiveSyms: 14
ActiveSyms: 13
ActiveSyms: 11
ActiveSyms: 11
ActiveSyms: 11
ActiveSyms: 11
ActiveSyms: 11
ActiveSyms: 11
ActiveSyms: 11
ActiveSyms: 9
ActiveSyms: 9
ActiveSyms: 9
ActiveSyms: 11
ActiveSyms: 11
ActiveSyms: 13
ActiveSyms: 14
ActiveSyms: 14
ActiveSyms: 12
ActiveSyms: 14
ActiveSyms: 12
ActiveSyms: 10
ActiveSyms: 10
ActiveSyms: 9
ActiveSyms: 9
ActiveSyms: 9
ActiveSyms: 9
ActiveSyms: 9
ActiveSyms: 9
ActiveSyms: 9
ActiveSyms: 9
ActiveSyms: 9
ActiveSyms: 9
ActiveSyms: 11
ActiveSyms: 11
ActiveSyms: 10
ActiveSyms: 11
ActiveSyms: 11
ActiveSyms: 9
ActiveSyms: 9
ActiveSyms: 9
ActiveSyms: 9
ActiveSyms: 9
ActiveSyms: 9
ActiveSyms: 9
ActiveSyms: 9
ActiveSyms: 10
ActiveSyms: 12
ActiveSyms: 14
ActiveSyms: 10
ActiveSyms: 9
ActiveSyms: 8
ActiveSyms: 7
ActiveSyms: 8
ActiveSyms: 9
ActiveSyms: 8
ActiveSyms: 7
ActiveSyms: 8
ActiveSyms: 9
ActiveSyms: 11
ActiveSyms: 11
ActiveSyms: 11
ActiveSyms: 11
ActiveSyms: 9
ActiveSyms: 9
ActiveSyms: 9
ActiveSyms: 9
ActiveSyms: 8
ActiveSyms: 7
ActiveSyms: 7
ActiveSyms: 8
ActiveSyms: 8
ActiveSyms: 8
ActiveSyms: 8
ActiveSyms: 7
ActiveSyms: 7
ActiveSyms: 6
ActiveSyms: 6
ActiveSyms: 6
ActiveSyms: 7
ActiveSyms: 8
ActiveSyms: 8
ActiveSyms: 7
ActiveSyms: 7
ActiveSyms: 8
ActiveSyms: 8
ActiveSyms: 8
ActiveSyms: 9
ActiveSyms: 9
ActiveSyms: 9
ActiveSyms: 9
ActiveSyms: 9
ActiveSyms: 9
ActiveSyms: 8
ActiveSyms: 8
ActiveSyms: 7
ActiveSyms: 6
ActiveSyms: 6
ActiveSyms: 6
ActiveSyms: 6
ActiveSyms: 7
ActiveSyms: 6
ActiveSyms: 7
ActiveSyms: 7
ActiveSyms: 7
ActiveSyms: 9
ActiveSyms: 9
ActiveSyms: 8
ActiveSyms: 6
ActiveSyms: 6
ActiveSyms: 8
ActiveSyms: 9
ActiveSyms: 11
ActiveSyms: 10
ActiveSyms: 9
ActiveSyms: 8
ActiveSyms: 6
ActiveSyms: 6
ActiveSyms: 8
ActiveSyms: 6
ActiveSyms: 6
ActiveSyms: 7
ActiveSyms: 7
ActiveSyms: 6
ActiveSyms: 7
ActiveSyms: 7
ActiveSyms: 6
ActiveSyms: 8
ActiveSyms: 8
ActiveSyms: 8
ActiveSyms: 9
ActiveSyms: 8
ActiveSyms: 9
ActiveSyms: 9
ActiveSyms: 8
ActiveSyms: 8
ActiveSyms: 8
ActiveSyms: 8
ActiveSyms: 9
ActiveSyms: 10
ActiveSyms: 11
ActiveSyms: 11
ActiveSyms: 10
ActiveSyms: 11
ActiveSyms: 12
ActiveSyms: 11
ActiveSyms: 12
ActiveSyms: 11
ActiveSyms: 12
ActiveSyms: 13
ActiveSyms: 12
ActiveSyms: 12
ActiveSyms: 10
ActiveSyms: 9
ActiveSyms: 9
ActiveSyms: 9
ActiveSyms: 9
ActiveSyms: 9
ActiveSyms: 9
ActiveSyms: 9
ActiveSyms: 9
ActiveSyms: 9
ActiveSyms: 10
ActiveSyms: 9
ActiveSyms: 9
ActiveSyms: 9
ActiveSyms: 10
ActiveSyms: 10
ActiveSyms: 10
ActiveSyms: 11
ActiveSyms: 11
ActiveSyms: 10
ActiveSyms: 10
ActiveSyms: 11
ActiveSyms: 10
ActiveSyms: 11
ActiveSyms: 10
ActiveSyms: 11
ActiveSyms: 13
ActiveSyms: 12
ActiveSyms: 10
ActiveSyms: 10
ActiveSyms: 9
ActiveSyms: 9
ActiveSyms: 9
ActiveSyms: 9
ActiveSyms: 9
ActiveSyms: 9
ActiveSyms: 9
ActiveSyms: 9
ActiveSyms: 9
ActiveSyms: 9
ActiveSyms: 9
ActiveSyms: 8
ActiveSyms: 8
ActiveSyms: 6
ActiveSyms: 6
ActiveSyms: 6
ActiveSyms: 6
ActiveSyms: 7
ActiveSyms: 6
ActiveSyms: 6
ActiveSyms: 6
ActiveSyms: 6
|       100 |     216     1128     3096 |      413      229     46 |  0.002 % |
ActiveSyms: 6
ActiveSyms: 6
ActiveSyms: 32
ActiveSyms: 27
ActiveSyms: 27
ActiveSyms: 27
ActiveSyms: 27
ActiveSyms: 25
ActiveSyms: 25
ActiveSyms: 25
ActiveSyms: 26
ActiveSyms: 23
ActiveSyms: 23
ActiveSyms: 23
ActiveSyms: 24
ActiveSyms: 23
ActiveSyms: 23
ActiveSyms: 20
ActiveSyms: 21
ActiveSyms: 20
ActiveSyms: 21
ActiveSyms: 20
ActiveSyms: 22
ActiveSyms: 21
ActiveSyms: 23
ActiveSyms: 23
ActiveSyms: 20
ActiveSyms: 20
ActiveSyms: 20
ActiveSyms: 21
ActiveSyms: 20
ActiveSyms: 20
ActiveSyms: 21
ActiveSyms: 21
ActiveSyms: 20
ActiveSyms: 18
ActiveSyms: 17
ActiveSyms: 16
ActiveSyms: 16
ActiveSyms: 15
ActiveSyms: 14
ActiveSyms: 16
ActiveSyms: 18
ActiveSyms: 19
ActiveSyms: 19
ActiveSyms: 19
ActiveSyms: 19
ActiveSyms: 19
ActiveSyms: 19
ActiveSyms: 19
ActiveSyms: 15
ActiveSyms: 13
ActiveSyms: 13
ActiveSyms: 15
ActiveSyms: 14
ActiveSyms: 14
ActiveSyms: 14
ActiveSyms: 16
ActiveSyms: 14
ActiveSyms: 13
ActiveSyms: 15
ActiveSyms: 16
ActiveSyms: 13
ActiveSyms: 14
ActiveSyms: 13
ActiveSyms: 12
ActiveSyms: 12
ActiveSyms: 15
ActiveSyms: 13
ActiveSyms: 11
ActiveSyms: 10
ActiveSyms: 10
ActiveSyms: 9
ActiveSyms: 9
ActiveSyms: 9
ActiveSyms: 9
ActiveSyms: 9
ActiveSyms: 9
ActiveSyms: 9
ActiveSyms: 9
ActiveSyms: 9
ActiveSyms: 9
ActiveSyms: 9
ActiveSyms: 9
ActiveSyms: 8
ActiveSyms: 8
ActiveSyms: 8
ActiveSyms: 9
ActiveSyms: 9
ActiveSyms: 9
ActiveSyms: 13
ActiveSyms: 11
ActiveSyms: 11
ActiveSyms: 10
ActiveSyms: 10
ActiveSyms: 10
ActiveSyms: 10
ActiveSyms: 10
ActiveSyms: 9
ActiveSyms: 9
ActiveSyms: 9
ActiveSyms: 9
ActiveSyms: 9
ActiveSyms: 9
ActiveSyms: 9
ActiveSyms: 9
ActiveSyms: 9
ActiveSyms: 10
ActiveSyms: 11
ActiveSyms: 11
ActiveSyms: 13
ActiveSyms: 15
ActiveSyms: 13
ActiveSyms: 12
ActiveSyms: 11
ActiveSyms: 9
ActiveSyms: 9
ActiveSyms: 9
ActiveSyms: 9
ActiveSyms: 9
ActiveSyms: 9
ActiveSyms: 9
ActiveSyms: 10
ActiveSyms: 9
ActiveSyms: 9
ActiveSyms: 9
ActiveSyms: 9
ActiveSyms: 9
ActiveSyms: 8
ActiveSyms: 8
ActiveSyms: 8
ActiveSyms: 9
ActiveSyms: 9
ActiveSyms: 9
ActiveSyms: 9
ActiveSyms: 9
ActiveSyms: 8
ActiveSyms: 8
ActiveSyms: 9
ActiveSyms: 10
ActiveSyms: 9
ActiveSyms: 9
ActiveSyms: 9
ActiveSyms: 9
ActiveSyms: 9
ActiveSyms: 9
ActiveSyms: 9
ActiveSyms: 10
ActiveSyms: 9
ActiveSyms: 9
ActiveSyms: 9
ActiveSyms: 9
ActiveSyms: 9
ActiveSyms: 9
ActiveSyms: 9
ActiveSyms: 8
ActiveSyms: 9
ActiveSyms: 9
ActiveSyms: 9
ActiveSyms: 9
ActiveSyms: 10
ActiveSyms: 10
ActiveSyms: 9
ActiveSyms: 9
ActiveSyms: 11
ActiveSyms: 13
ActiveSyms: 11
ActiveSyms: 11
ActiveSyms: 10
ActiveSyms: 10
ActiveSyms: 9
ActiveSyms: 9
ActiveSyms: 10
ActiveSyms: 9
ActiveSyms: 9
ActiveSyms: 8
ActiveSyms: 8
ActiveSyms: 9
ActiveSyms: 9
ActiveSyms: 8
ActiveSyms: 9
ActiveSyms: 10
ActiveSyms: 8
ActiveSyms: 8
ActiveSyms: 8
ActiveSyms: 10
ActiveSyms: 9
ActiveSyms: 8
ActiveSyms: 8
ActiveSyms: 8
ActiveSyms: 8
ActiveSyms: 8
ActiveSyms: 8
ActiveSyms: 8
ActiveSyms: 8
ActiveSyms: 8
ActiveSyms: 8
ActiveSyms: 8
ActiveSyms: 9
ActiveSyms: 8
ActiveSyms: 8
ActiveSyms: 8
ActiveSyms: 9
ActiveSyms: 9
ActiveSyms: 8
ActiveSyms: 9
ActiveSyms: 8
ActiveSyms: 10
ActiveSyms: 11
ActiveSyms: 9
ActiveSyms: 10
ActiveSyms: 9
ActiveSyms: 10
ActiveSyms: 10
ActiveSyms: 10
ActiveSyms: 10
ActiveSyms: 9
ActiveSyms: 8
ActiveSyms: 8
ActiveSyms: 9
ActiveSyms: 9
ActiveSyms: 8
ActiveSyms: 9
ActiveSyms: 10
ActiveSyms: 9
ActiveSyms: 9
ActiveSyms: 8
ActiveSyms: 9
ActiveSyms: 11
ActiveSyms: 11
ActiveSyms: 9
ActiveSyms: 8
ActiveSyms: 8
ActiveSyms: 9
ActiveSyms: 9
ActiveSyms: 9
ActiveSyms: 9
ActiveSyms: 9
ActiveSyms: 9
ActiveSyms: 9
ActiveSyms: 9
ActiveSyms: 9
ActiveSyms: 9
ActiveSyms: 9
ActiveSyms: 9
ActiveSyms: 8
ActiveSyms: 9
ActiveSyms: 10
ActiveSyms: 9
ActiveSyms: 10
ActiveSyms: 10
ActiveSyms: 10
ActiveSyms: 9
ActiveSyms: 9
ActiveSyms: 10
ActiveSyms: 8
ActiveSyms: 9
ActiveSyms: 9
ActiveSyms: 13
ActiveSyms: 10
ActiveSyms: 9
ActiveSyms: 8
ActiveSyms: 9
ActiveSyms: 8
ActiveSyms: 8
ActiveSyms: 8
ActiveSyms: 9
ActiveSyms: 9
ActiveSyms: 8
ActiveSyms: 9
ActiveSyms: 9
ActiveSyms: 8
ActiveSyms: 9
ActiveSyms: 9
ActiveSyms: 9
ActiveSyms: 10
ActiveSyms: 9
ActiveSyms: 9
ActiveSyms: 10
ActiveSyms: 11
ActiveSyms: 9
ActiveSyms: 13
ActiveSyms: 11
ActiveSyms: 10
ActiveSyms: 8
ActiveSyms: 13
ActiveSyms: 15
ActiveSyms: 13
ActiveSyms: 13
ActiveSyms: 12
ActiveSyms: 9
ActiveSyms: 9
ActiveSyms: 8
ActiveSyms: 8
ActiveSyms: 8
ActiveSyms: 8
ActiveSyms: 9
ActiveSyms: 9
ActiveSyms: 8
ActiveSyms: 8
ActiveSyms: 8
ActiveSyms: 8
ActiveSyms: 8
ActiveSyms: 8
ActiveSyms: 8
ActiveSyms: 8
ActiveSyms: 8
ActiveSyms: 9
ActiveSyms: 8
ActiveSyms: 8
ActiveSyms: 8
ActiveSyms: 9
ActiveSyms: 9
ActiveSyms: 12
ActiveSyms: 10
ActiveSyms: 12
ActiveSyms: 13
ActiveSyms: 13
ActiveSyms: 11
ActiveSyms: 10
ActiveSyms: 11
ActiveSyms: 15
ActiveSyms: 12
ActiveSyms: 9
ActiveSyms: 10
ActiveSyms: 8
ActiveSyms: 8
ActiveSyms: 8
ActiveSyms: 7
ActiveSyms: 7
ActiveSyms: 6
ActiveSyms: 6
ActiveSyms: 6
ActiveSyms: 7
ActiveSyms: 7
ActiveSyms: 6
ActiveSyms: 6
ActiveSyms: 8
ActiveSyms: 8
ActiveSyms: 7
ActiveSyms: 7
ActiveSyms: 6
ActiveSyms: 6
ActiveSyms: 6
ActiveSyms: 7
ActiveSyms: 7
ActiveSyms: 6
ActiveSyms: 7
ActiveSyms: 7
ActiveSyms: 6
ActiveSyms: 6
ActiveSyms: 6
ActiveSyms: 6
ActiveSyms: 6
ActiveSyms: 6
ActiveSyms: 6
ActiveSyms: 6
ActiveSyms: 6
ActiveSyms: 6
ActiveSyms: 7
ActiveSyms: 7
ActiveSyms: 7
ActiveSyms: 7
ActiveSyms: 6
ActiveSyms: 32
ActiveSyms: 28
ActiveSyms: 27
ActiveSyms: 26
ActiveSyms: 26
ActiveSyms: 25
ActiveSyms: 25
ActiveSyms: 24
ActiveSyms: 24
ActiveSyms: 24
ActiveSyms: 23
ActiveSyms: 22
ActiveSyms: 20
ActiveSyms: 20
ActiveSyms: 20
ActiveSyms: 20
ActiveSyms: 19
ActiveSyms: 19
ActiveSyms: 15
ActiveSyms: 15
ActiveSyms: 15
ActiveSyms: 15
ActiveSyms: 15
ActiveSyms: 14
ActiveSyms: 16
ActiveSyms: 17
ActiveSyms: 13
ActiveSyms: 12
ActiveSyms: 12
ActiveSyms: 11
ActiveSyms: 12
ActiveSyms: 12
ActiveSyms: 12
ActiveSyms: 12
ActiveSyms: 13
ActiveSyms: 12
ActiveSyms: 13
ActiveSyms: 12
ActiveSyms: 13
ActiveSyms: 14
ActiveSyms: 14
ActiveSyms: 14
ActiveSyms: 14
ActiveSyms: 14
ActiveSyms: 14
ActiveSyms: 14
ActiveSyms: 14
ActiveSyms: 14
ActiveSyms: 15
ActiveSyms: 15
ActiveSyms: 15
ActiveSyms: 15
ActiveSyms: 15
ActiveSyms: 15
ActiveSyms: 12
ActiveSyms: 10
ActiveSyms: 12
ActiveSyms: 12
ActiveSyms: 12
ActiveSyms: 12
ActiveSyms: 10
ActiveSyms: 11
ActiveSyms: 11
ActiveSyms: 12
ActiveSyms: 11
ActiveSyms: 10
ActiveSyms: 10
ActiveSyms: 10
ActiveSyms: 11
ActiveSyms: 11
ActiveSyms: 9
ActiveSyms: 9
ActiveSyms: 8
ActiveSyms: 9
ActiveSyms: 8
ActiveSyms: 8
ActiveSyms: 8
ActiveSyms: 8
ActiveSyms: 8
ActiveSyms: 8
ActiveSyms: 8
ActiveSyms: 8
ActiveSyms: 13
ActiveSyms: 14
ActiveSyms: 14
ActiveSyms: 14
ActiveSyms: 14
ActiveSyms: 14
ActiveSyms: 14
ActiveSyms: 14
ActiveSyms: 14
ActiveSyms: 14
ActiveSyms: 15
ActiveSyms: 15
ActiveSyms: 15
ActiveSyms: 15
ActiveSyms: 15
ActiveSyms: 15
ActiveSyms: 12
ActiveSyms: 10
ActiveSyms: 10
ActiveSyms: 12
ActiveSyms: 12
ActiveSyms: 12
ActiveSyms: 10
ActiveSyms: 11
ActiveSyms: 10
ActiveSyms: 12
ActiveSyms: 11
ActiveSyms: 9
ActiveSyms: 9
ActiveSyms: 10
ActiveSyms: 11
ActiveSyms: 11
ActiveSyms: 9
ActiveSyms: 8
ActiveSyms: 9
ActiveSyms: 9
ActiveSyms: 8
ActiveSyms: 8
ActiveSyms: 8
ActiveSyms: 8
ActiveSyms: 8
ActiveSyms: 8
ActiveSyms: 8
ActiveSyms: 8
ActiveSyms: 8
ActiveSyms: 13
ActiveSyms: 14
ActiveSyms: 14
ActiveSyms: 14
ActiveSyms: 14
ActiveSyms: 14
ActiveSyms: 14
ActiveSyms: 14
ActiveSyms: 14
ActiveSyms: 14
ActiveSyms: 15
ActiveSyms: 15
ActiveSyms: 15
ActiveSyms: 15
ActiveSyms: 15
ActiveSyms: 15
ActiveSyms: 12
ActiveSyms: 10
ActiveSyms: 10
ActiveSyms: 12
ActiveSyms: 12
ActiveSyms: 12
ActiveSyms: 10
ActiveSyms: 11
ActiveSyms: 10
ActiveSyms: 12
ActiveSyms: 11
ActiveSyms: 10
ActiveSyms: 9
ActiveSyms: 9
ActiveSyms: 11
ActiveSyms: 11
ActiveSyms: 9
ActiveSyms: 8
ActiveSyms: 8
ActiveSyms: 9
ActiveSyms: 8
ActiveSyms: 8
ActiveSyms: 8
ActiveSyms: 8
ActiveSyms: 8
ActiveSyms: 11
ActiveSyms: 11
ActiveSyms: 9
ActiveSyms: 9
ActiveSyms: 10
ActiveSyms: 11
ActiveSyms: 11
ActiveSyms: 9
ActiveSyms: 10
ActiveSyms: 9
ActiveSyms: 9
ActiveSyms: 8
ActiveSyms: 8
ActiveSyms: 8
ActiveSyms: 11
ActiveSyms: 11
ActiveSyms: 12
ActiveSyms: 15
ActiveSyms: 13
ActiveSyms: 12
ActiveSyms: 12
ActiveSyms: 12
ActiveSyms: 12
ActiveSyms: 12
ActiveSyms: 12
ActiveSyms: 12
ActiveSyms: 12
ActiveSyms: 12
ActiveSyms: 12
ActiveSyms: 10
ActiveSyms: 10
ActiveSyms: 10
ActiveSyms: 10
ActiveSyms: 8
ActiveSyms: 9
ActiveSyms: 8
ActiveSyms: 10
ActiveSyms: 9
ActiveSyms: 7
ActiveSyms: 8
ActiveSyms: 10
ActiveSyms: 10
ActiveSyms: 9
ActiveSyms: 9
ActiveSyms: 8
ActiveSyms: 8
ActiveSyms: 8
ActiveSyms: 8
ActiveSyms: 8
ActiveSyms: 8
ActiveSyms: 8
ActiveSyms: 8
ActiveSyms: 9
ActiveSyms: 8
ActiveSyms: 10
ActiveSyms: 10
ActiveSyms: 10
ActiveSyms: 8
ActiveSyms: 7
ActiveSyms: 7
ActiveSyms: 8
ActiveSyms: 8
ActiveSyms: 8
ActiveSyms: 8
ActiveSyms: 8
ActiveSyms: 8
ActiveSyms: 10
ActiveSyms: 10
ActiveSyms: 10
ActiveSyms: 10
ActiveSyms: 10
ActiveSyms: 11
ActiveSyms: 11
ActiveSyms: 10
ActiveSyms: 10
ActiveSyms: 9
ActiveSyms: 9
ActiveSyms: 9
ActiveSyms: 11
ActiveSyms: 10
ActiveSyms: 8
ActiveSyms: 8
ActiveSyms: 8
ActiveSyms: 8
ActiveSyms: 9
ActiveSyms: 9
ActiveSyms: 8
ActiveSyms: 8
ActiveSyms: 8
ActiveSyms: 8
ActiveSyms: 7
ActiveSyms: 9
ActiveSyms: 8
ActiveSyms: 8
ActiveSyms: 8
ActiveSyms: 8
ActiveSyms: 8
ActiveSyms: 8
ActiveSyms: 8
ActiveSyms: 12
ActiveSyms: 12
ActiveSyms: 12
ActiveSyms: 12
ActiveSyms: 12
ActiveSyms: 12
ActiveSyms: 12
ActiveSyms: 12
ActiveSyms: 12
ActiveSyms: 12
ActiveSyms: 12
ActiveSyms: 12
ActiveSyms: 12
ActiveSyms: 12
ActiveSyms: 12
ActiveSyms: 12
ActiveSyms: 12
ActiveSyms: 12
ActiveSyms: 12
ActiveSyms: 12
ActiveSyms: 12
ActiveSyms: 12
ActiveSyms: 12
ActiveSyms: 12
ActiveSyms: 12
ActiveSyms: 12
ActiveSyms: 12
ActiveSyms: 12
ActiveSyms: 12
ActiveSyms: 12
ActiveSyms: 12
ActiveSyms: 12
ActiveSyms: 12
ActiveSyms: 12
ActiveSyms: 12
ActiveSyms: 12
ActiveSyms: 12
ActiveSyms: 12
ActiveSyms: 12
ActiveSyms: 12
ActiveSyms: 12
ActiveSyms: 12
ActiveSyms: 12
ActiveSyms: 12
ActiveSyms: 12
ActiveSyms: 12
|       250 |     216     1128     3096 |      454      295     51 |  0.002 % |
ActiveSyms: 12
ActiveSyms: 12
ActiveSyms: 12
ActiveSyms: 12
ActiveSyms: 12
ActiveSyms: 12
ActiveSyms: 12
ActiveSyms: 12
ActiveSyms: 13
ActiveSyms: 13
ActiveSyms: 12
ActiveSyms: 13
ActiveSyms: 12
ActiveSyms: 12
ActiveSyms: 12
ActiveSyms: 12
ActiveSyms: 12
ActiveSyms: 12
ActiveSyms: 12
ActiveSyms: 12
ActiveSyms: 12
ActiveSyms: 12
ActiveSyms: 12
ActiveSyms: 12
ActiveSyms: 13
ActiveSyms: 13
ActiveSyms: 13
ActiveSyms: 12
ActiveSyms: 12
ActiveSyms: 12
ActiveSyms: 12
ActiveSyms: 12
ActiveSyms: 12
ActiveSyms: 12
ActiveSyms: 12
ActiveSyms: 12
ActiveSyms: 12
ActiveSyms: 12
ActiveSyms: 13
ActiveSyms: 13
ActiveSyms: 12
ActiveSyms: 13
ActiveSyms: 13
ActiveSyms: 12
ActiveSyms: 12
ActiveSyms: 12
ActiveSyms: 12
ActiveSyms: 13
ActiveSyms: 13
ActiveSyms: 12
ActiveSyms: 12
ActiveSyms: 13
ActiveSyms: 12
ActiveSyms: 12
ActiveSyms: 12
ActiveSyms: 12
ActiveSyms: 12
ActiveSyms: 12
ActiveSyms: 12
ActiveSyms: 12
ActiveSyms: 12
ActiveSyms: 12
ActiveSyms: 12
ActiveSyms: 12
ActiveSyms: 12
ActiveSyms: 12
ActiveSyms: 12
ActiveSyms: 12
ActiveSyms: 12
ActiveSyms: 12
ActiveSyms: 12
ActiveSyms: 12
ActiveSyms: 12
ActiveSyms: 12
ActiveSyms: 12
ActiveSyms: 12
ActiveSyms: 13
ActiveSyms: 12
ActiveSyms: 12
ActiveSyms: 12
ActiveSyms: 12
ActiveSyms: 12
ActiveSyms: 12
ActiveSyms: 12
ActiveSyms: 12
ActiveSyms: 13
ActiveSyms: 13
ActiveSyms: 13
ActiveSyms: 12
ActiveSyms: 13
ActiveSyms: 13
ActiveSyms: 12
ActiveSyms: 12
ActiveSyms: 12
ActiveSyms: 12
ActiveSyms: 12
ActiveSyms: 12
ActiveSyms: 12
ActiveSyms: 12
ActiveSyms: 12
ActiveSyms: 12
ActiveSyms: 12
ActiveSyms: 13
ActiveSyms: 12
ActiveSyms: 12
ActiveSyms: 14
ActiveSyms: 12
ActiveSyms: 13
ActiveSyms: 13
ActiveSyms: 12
ActiveSyms: 12
ActiveSyms: 12
ActiveSyms: 12
ActiveSyms: 12
ActiveSyms: 13
ActiveSyms: 13
ActiveSyms: 13
ActiveSyms: 12
ActiveSyms: 12
ActiveSyms: 12
ActiveSyms: 12
ActiveSyms: 12
ActiveSyms: 12
ActiveSyms: 12
ActiveSyms: 12
ActiveSyms: 12
ActiveSyms: 12
ActiveSyms: 12
ActiveSyms: 12
ActiveSyms: 12
ActiveSyms: 13
ActiveSyms: 14
ActiveSyms: 13
ActiveSyms: 14
ActiveSyms: 12
ActiveSyms: 12
ActiveSyms: 12
ActiveSyms: 12
ActiveSyms: 12
ActiveSyms: 12
ActiveSyms: 12
ActiveSyms: 12
ActiveSyms: 12
ActiveSyms: 12
ActiveSyms: 12
ActiveSyms: 13
ActiveSyms: 13
ActiveSyms: 13
ActiveSyms: 13
ActiveSyms: 13
ActiveSyms: 13
ActiveSyms: 14
ActiveSyms: 14
ActiveSyms: 14
ActiveSyms: 13
ActiveSyms: 13
ActiveSyms: 13
ActiveSyms: 14
ActiveSyms: 15
ActiveSyms: 16
ActiveSyms: 15
ActiveSyms: 15
ActiveSyms: 16
ActiveSyms: 14
ActiveSyms: 14
ActiveSyms: 14
ActiveSyms: 12
ActiveSyms: 12
ActiveSyms: 12
ActiveSyms: 12
ActiveSyms: 12
ActiveSyms: 12
ActiveSyms: 12
ActiveSyms: 12
ActiveSyms: 12
ActiveSyms: 12
ActiveSyms: 12
ActiveSyms: 12
ActiveSyms: 12
ActiveSyms: 12
ActiveSyms: 12
ActiveSyms: 13
ActiveSyms: 13
ActiveSyms: 12
ActiveSyms: 12
ActiveSyms: 12
ActiveSyms: 12
ActiveSyms: 14
ActiveSyms: 13
ActiveSyms: 13
ActiveSyms: 13
ActiveSyms: 13
ActiveSyms: 13
ActiveSyms: 13
ActiveSyms: 15
ActiveSyms: 14
ActiveSyms: 14
ActiveSyms: 13
ActiveSyms: 12
ActiveSyms: 12
ActiveSyms: 12
ActiveSyms: 12
ActiveSyms: 12
ActiveSyms: 15
ActiveSyms: 15
ActiveSyms: 14
ActiveSyms: 15
ActiveSyms: 16
ActiveSyms: 15
ActiveSyms: 14
ActiveSyms: 12
ActiveSyms: 13
ActiveSyms: 13
ActiveSyms: 12
ActiveSyms: 12
ActiveSyms: 12
ActiveSyms: 12
ActiveSyms: 12
ActiveSyms: 12
ActiveSyms: 12
ActiveSyms: 12
ActiveSyms: 12
ActiveSyms: 12
ActiveSyms: 12
ActiveSyms: 12
ActiveSyms: 12
ActiveSyms: 12
ActiveSyms: 12
ActiveSyms: 12
ActiveSyms: 12
ActiveSyms: 12
ActiveSyms: 12
ActiveSyms: 12
ActiveSyms: 12
ActiveSyms: 12
ActiveSyms: 12
ActiveSyms: 12
ActiveSyms: 12
ActiveSyms: 12
ActiveSyms: 12
ActiveSyms: 12
ActiveSyms: 12
ActiveSyms: 12
ActiveSyms: 12
ActiveSyms: 12
ActiveSyms: 12
ActiveSyms: 12
ActiveSyms: 12
ActiveSyms: 12
ActiveSyms: 12
ActiveSyms: 12
ActiveSyms: 12
ActiveSyms: 12
ActiveSyms: 12
ActiveSyms: 12
ActiveSyms: 12
ActiveSyms: 12
ActiveSyms: 12
ActiveSyms: 12
ActiveSyms: 12
ActiveSyms: 12
ActiveSyms: 12
ActiveSyms: 12
ActiveSyms: 12
ActiveSyms: 12
ActiveSyms: 12
ActiveSyms: 12
ActiveSyms: 12
ActiveSyms: 12
ActiveSyms: 12
ActiveSyms: 12
ActiveSyms: 12
ActiveSyms: 12
ActiveSyms: 12
ActiveSyms: 12
ActiveSyms: 12
ActiveSyms: 12
ActiveSyms: 12
ActiveSyms: 12
ActiveSyms: 12
ActiveSyms: 12
ActiveSyms: 12
ActiveSyms: 12
ActiveSyms: 12
ActiveSyms: 12
ActiveSyms: 12
ActiveSyms: 12
ActiveSyms: 12
ActiveSyms: 12
ActiveSyms: 12
ActiveSyms: 12
ActiveSyms: 12
ActiveSyms: 12
ActiveSyms: 12
ActiveSyms: 12
ActiveSyms: 12
ActiveSyms: 12
ActiveSyms: 12
ActiveSyms: 12
ActiveSyms: 12
ActiveSyms: 12
ActiveSyms: 12
ActiveSyms: 12
ActiveSyms: 12
ActiveSyms: 12
ActiveSyms: 12
ActiveSyms: 12
ActiveSyms: 12
ActiveSyms: 12
ActiveSyms: 12
ActiveSyms: 12
ActiveSyms: 12
ActiveSyms: 12
ActiveSyms: 12
ActiveSyms: 12
ActiveSyms: 12
ActiveSyms: 12
ActiveSyms: 12
ActiveSyms: 12
ActiveSyms: 12
ActiveSyms: 12
ActiveSyms: 12
ActiveSyms: 12
ActiveSyms: 12
ActiveSyms: 12
ActiveSyms: 12
ActiveSyms: 12
ActiveSyms: 12
ActiveSyms: 12
ActiveSyms: 13
ActiveSyms: 12
ActiveSyms: 12
ActiveSyms: 12
ActiveSyms: 12
ActiveSyms: 13
ActiveSyms: 12
ActiveSyms: 12
ActiveSyms: 13
ActiveSyms: 12
ActiveSyms: 12
ActiveSyms: 13
ActiveSyms: 12
ActiveSyms: 13
ActiveSyms: 14
ActiveSyms: 12
ActiveSyms: 13
ActiveSyms: 13
ActiveSyms: 13
ActiveSyms: 13
ActiveSyms: 13
ActiveSyms: 14
ActiveSyms: 13
ActiveSyms: 13
ActiveSyms: 13
ActiveSyms: 13
ActiveSyms: 12
ActiveSyms: 12
ActiveSyms: 12
ActiveSyms: 13
ActiveSyms: 12
ActiveSyms: 12
ActiveSyms: 13
ActiveSyms: 13
ActiveSyms: 32
ActiveSyms: 28
ActiveSyms: 27
ActiveSyms: 27
ActiveSyms: 27
ActiveSyms: 25
ActiveSyms: 27
ActiveSyms: 28
ActiveSyms: 24
ActiveSyms: 22
ActiveSyms: 22
ActiveSyms: 22
ActiveSyms: 21
ActiveSyms: 23
ActiveSyms: 21
ActiveSyms: 23
ActiveSyms: 20
ActiveSyms: 19
ActiveSyms: 19
ActiveSyms: 19
ActiveSyms: 20
ActiveSyms: 20
ActiveSyms: 21
ActiveSyms: 23
ActiveSyms: 22
ActiveSyms: 22
ActiveSyms: 23
ActiveSyms: 25
ActiveSyms: 23
ActiveSyms: 22
ActiveSyms: 21
ActiveSyms: 21
ActiveSyms: 19
ActiveSyms: 20
ActiveSyms: 20
ActiveSyms: 20
ActiveSyms: 17
ActiveSyms: 18
ActiveSyms: 16
ActiveSyms: 17
ActiveSyms: 16
ActiveSyms: 17
ActiveSyms: 16
ActiveSyms: 18
ActiveSyms: 17
ActiveSyms: 20
ActiveSyms: 16
ActiveSyms: 17
ActiveSyms: 17
ActiveSyms: 17
ActiveSyms: 16
ActiveSyms: 14
ActiveSyms: 15
ActiveSyms: 14
ActiveSyms: 16
ActiveSyms: 15
ActiveSyms: 15
ActiveSyms: 13
ActiveSyms: 13
ActiveSyms: 13
ActiveSyms: 13
ActiveSyms: 13
ActiveSyms: 12
ActiveSyms: 12
ActiveSyms: 12
ActiveSyms: 12
ActiveSyms: 13
ActiveSyms: 12
ActiveSyms: 12
ActiveSyms: 12
ActiveSyms: 12
ActiveSyms: 12
ActiveSyms: 12
ActiveSyms: 12
ActiveSyms: 12
ActiveSyms: 12
ActiveSyms: 12
ActiveSyms: 12
ActiveSyms: 12
ActiveSyms: 12
ActiveSyms: 13
ActiveSyms: 12
ActiveSyms: 13
ActiveSyms: 12
ActiveSyms: 13
ActiveSyms: 13
ActiveSyms: 12
ActiveSyms: 13
ActiveSyms: 12
ActiveSyms: 13
ActiveSyms: 12
ActiveSyms: 12
ActiveSyms: 12
ActiveSyms: 12
ActiveSyms: 12
ActiveSyms: 12
ActiveSyms: 12
ActiveSyms: 12
ActiveSyms: 12
ActiveSyms: 12
ActiveSyms: 12
ActiveSyms: 12
ActiveSyms: 12
ActiveSyms: 12
ActiveSyms: 12
ActiveSyms: 12
ActiveSyms: 13
ActiveSyms: 13
ActiveSyms: 13
ActiveSyms: 13
ActiveSyms: 13
ActiveSyms: 13
ActiveSyms: 13
ActiveSyms: 13
ActiveSyms: 12
ActiveSyms: 25
ActiveSyms: 23
ActiveSyms: 23
ActiveSyms: 22
ActiveSyms: 21
ActiveSyms: 19
ActiveSyms: 20
ActiveSyms: 20
ActiveSyms: 18
ActiveSyms: 19
ActiveSyms: 18
ActiveSyms: 19
ActiveSyms: 16
ActiveSyms: 17
ActiveSyms: 17
ActiveSyms: 16
ActiveSyms: 15
ActiveSyms: 17
ActiveSyms: 17
ActiveSyms: 15
ActiveSyms: 16
ActiveSyms: 15
ActiveSyms: 14
ActiveSyms: 13
ActiveSyms: 12
ActiveSyms: 13
ActiveSyms: 13
ActiveSyms: 11
ActiveSyms: 12
ActiveSyms: 11
ActiveSyms: 13
ActiveSyms: 14
ActiveSyms: 14
ActiveSyms: 13
ActiveSyms: 13
ActiveSyms: 13
ActiveSyms: 13
ActiveSyms: 13
ActiveSyms: 13
ActiveSyms: 13
ActiveSyms: 14
ActiveSyms: 14
ActiveSyms: 14
ActiveSyms: 14
ActiveSyms: 14
ActiveSyms: 13
ActiveSyms: 13
ActiveSyms: 13
ActiveSyms: 13
ActiveSyms: 25
ActiveSyms: 23
ActiveSyms: 22
ActiveSyms: 21
ActiveSyms: 21
ActiveSyms: 19
ActiveSyms: 20
ActiveSyms: 20
ActiveSyms: 18
ActiveSyms: 19
ActiveSyms: 18
ActiveSyms: 19
ActiveSyms: 16
ActiveSyms: 17
ActiveSyms: 17
ActiveSyms: 16
ActiveSyms: 15
ActiveSyms: 17
ActiveSyms: 17
ActiveSyms: 15
ActiveSyms: 16
ActiveSyms: 15
ActiveSyms: 14
ActiveSyms: 13
ActiveSyms: 12
ActiveSyms: 13
ActiveSyms: 13
ActiveSyms: 11
ActiveSyms: 12
ActiveSyms: 11
ActiveSyms: 13
ActiveSyms: 14
ActiveSyms: 14
ActiveSyms: 13
ActiveSyms: 13
ActiveSyms: 13
ActiveSyms: 13
ActiveSyms: 13
ActiveSyms: 13
ActiveSyms: 13
ActiveSyms: 14
ActiveSyms: 14
ActiveSyms: 14
ActiveSyms: 14
ActiveSyms: 14
ActiveSyms: 13
ActiveSyms: 13
ActiveSyms: 13
ActiveSyms: 13
ActiveSyms: 13
ActiveSyms: 14
ActiveSyms: 14
ActiveSyms: 14
ActiveSyms: 14
ActiveSyms: 13
ActiveSyms: 13
ActiveSyms: 14
ActiveSyms: 14
ActiveSyms: 13
ActiveSyms: 13
ActiveSyms: 13
ActiveSyms: 13
ActiveSyms: 13
ActiveSyms: 14
ActiveSyms: 14
ActiveSyms: 14
ActiveSyms: 14
ActiveSyms: 14
ActiveSyms: 14
ActiveSyms: 14
ActiveSyms: 14
ActiveSyms: 13
ActiveSyms: 14
ActiveSyms: 14
ActiveSyms: 14
ActiveSyms: 14
ActiveSyms: 14
ActiveSyms: 14
ActiveSyms: 14
ActiveSyms: 14
ActiveSyms: 14
ActiveSyms: 14
ActiveSyms: 13
ActiveSyms: 13
ActiveSyms: 14
ActiveSyms: 14
ActiveSyms: 13
ActiveSyms: 13
ActiveSyms: 14
ActiveSyms: 14
ActiveSyms: 14
ActiveSyms: 14
ActiveSyms: 13
ActiveSyms: 14
ActiveSyms: 13
ActiveSyms: 13
ActiveSyms: 14
ActiveSyms: 14
ActiveSyms: 14
ActiveSyms: 14
ActiveSyms: 13
ActiveSyms: 13
ActiveSyms: 13
ActiveSyms: 13
ActiveSyms: 14
ActiveSyms: 14
ActiveSyms: 14
ActiveSyms: 14
ActiveSyms: 13
ActiveSyms: 12
ActiveSyms: 12
ActiveSyms: 12
ActiveSyms: 12
ActiveSyms: 13
ActiveSyms: 12
ActiveSyms: 12
ActiveSyms: 12
ActiveSyms: 12
ActiveSyms: 12
ActiveSyms: 13
ActiveSyms: 12
ActiveSyms: 12
ActiveSyms: 13
ActiveSyms: 13
ActiveSyms: 12
ActiveSyms: 12
ActiveSyms: 12
ActiveSyms: 12
ActiveSyms: 12
ActiveSyms: 13
ActiveSyms: 12
ActiveSyms: 12
ActiveSyms: 13
ActiveSyms: 13
ActiveSyms: 12
ActiveSyms: 12
ActiveSyms: 12
ActiveSyms: 13
ActiveSyms: 12
ActiveSyms: 12
ActiveSyms: 12
ActiveSyms: 13
ActiveSyms: 13
ActiveSyms: 13
ActiveSyms: 14
ActiveSyms: 13
ActiveSyms: 12
ActiveSyms: 13
ActiveSyms: 13
ActiveSyms: 12
ActiveSyms: 13
ActiveSyms: 13
ActiveSyms: 13
ActiveSyms: 13
|       475 |     216     1128     3096 |      500      369     58 |  0.002 % |
ActiveSyms: 13
ActiveSyms: 14
ActiveSyms: 12
ActiveSyms: 12
ActiveSyms: 12
ActiveSyms: 12
ActiveSyms: 12
ActiveSyms: 13
ActiveSyms: 14
ActiveSyms: 13
ActiveSyms: 12
ActiveSyms: 12
ActiveSyms: 13
ActiveSyms: 13
ActiveSyms: 12
ActiveSyms: 12
ActiveSyms: 12
ActiveSyms: 12
ActiveSyms: 12
ActiveSyms: 12
ActiveSyms: 13
ActiveSyms: 12
ActiveSyms: 12
ActiveSyms: 12
ActiveSyms: 12
ActiveSyms: 12
ActiveSyms: 12
ActiveSyms: 13
ActiveSyms: 12
ActiveSyms: 13
ActiveSyms: 13
ActiveSyms: 13
ActiveSyms: 13
ActiveSyms: 12
ActiveSyms: 13
ActiveSyms: 13
ActiveSyms: 13
ActiveSyms: 13
ActiveSyms: 13
ActiveSyms: 13
ActiveSyms: 13
ActiveSyms: 13
ActiveSyms: 13
ActiveSyms: 13
ActiveSyms: 13
ActiveSyms: 13
ActiveSyms: 13
ActiveSyms: 13
ActiveSyms: 12
ActiveSyms: 12
ActiveSyms: 12
ActiveSyms: 12
ActiveSyms: 13
ActiveSyms: 13
ActiveSyms: 13
ActiveSyms: 12
ActiveSyms: 12
ActiveSyms: 12
ActiveSyms: 12
ActiveSyms: 13
ActiveSyms: 13
ActiveSyms: 13
ActiveSyms: 12
ActiveSyms: 12
ActiveSyms: 32
ActiveSyms: 27
ActiveSyms: 27
ActiveSyms: 25
ActiveSyms: 25
ActiveSyms: 23
ActiveSyms: 21
ActiveSyms: 23
ActiveSyms: 26
ActiveSyms: 22
ActiveSyms: 22
ActiveSyms: 23
ActiveSyms: 24
ActiveSyms: 22
ActiveSyms: 22
ActiveSyms: 23
ActiveSyms: 26
ActiveSyms: 22
ActiveSyms: 22
ActiveSyms: 20
ActiveSyms: 21
ActiveSyms: 19
ActiveSyms: 21
ActiveSyms: 18
ActiveSyms: 18
ActiveSyms: 17
ActiveSyms: 17
ActiveSyms: 18
ActiveSyms: 20
ActiveSyms: 18
ActiveSyms: 20
ActiveSyms: 17
ActiveSyms: 18
ActiveSyms: 17
ActiveSyms: 15
ActiveSyms: 16
ActiveSyms: 15
ActiveSyms: 15
ActiveSyms: 15
ActiveSyms: 16
ActiveSyms: 15
ActiveSyms: 16
ActiveSyms: 14
ActiveSyms: 16
ActiveSyms: 14
ActiveSyms: 15
ActiveSyms: 14
ActiveSyms: 16
ActiveSyms: 17
ActiveSyms: 16
ActiveSyms: 16
ActiveSyms: 16
ActiveSyms: 15
ActiveSyms: 15
ActiveSyms: 14
ActiveSyms: 12
ActiveSyms: 12
ActiveSyms: 12
ActiveSyms: 12
ActiveSyms: 12
ActiveSyms: 12
ActiveSyms: 12
ActiveSyms: 12
ActiveSyms: 12
ActiveSyms: 12
ActiveSyms: 12
ActiveSyms: 12
ActiveSyms: 12
ActiveSyms: 12
ActiveSyms: 12
ActiveSyms: 12
ActiveSyms: 12
ActiveSyms: 12
ActiveSyms: 12
ActiveSyms: 12
ActiveSyms: 12
ActiveSyms: 12
ActiveSyms: 12
ActiveSyms: 12
ActiveSyms: 12
ActiveSyms: 12
ActiveSyms: 12
ActiveSyms: 12
ActiveSyms: 12
ActiveSyms: 12
ActiveSyms: 12
ActiveSyms: 12
ActiveSyms: 13
ActiveSyms: 13
ActiveSyms: 13
ActiveSyms: 12
ActiveSyms: 12
ActiveSyms: 12
ActiveSyms: 12
ActiveSyms: 13
ActiveSyms: 13
ActiveSyms: 13
ActiveSyms: 13
ActiveSyms: 13
ActiveSyms: 13
ActiveSyms: 12
ActiveSyms: 12
ActiveSyms: 12
ActiveSyms: 12
ActiveSyms: 13
ActiveSyms: 12
ActiveSyms: 12
ActiveSyms: 13
ActiveSyms: 13
ActiveSyms: 12
ActiveSyms: 12
ActiveSyms: 12
ActiveSyms: 12
ActiveSyms: 13
ActiveSyms: 13
ActiveSyms: 13
ActiveSyms: 13
ActiveSyms: 13
ActiveSyms: 13
ActiveSyms: 14
ActiveSyms: 13
ActiveSyms: 12
ActiveSyms: 13
ActiveSyms: 12
ActiveSyms: 13
ActiveSyms: 12
ActiveSyms: 12
ActiveSyms: 12
ActiveSyms: 13
ActiveSyms: 12
ActiveSyms: 12
ActiveSyms: 12
ActiveSyms: 12
ActiveSyms: 12
ActiveSyms: 12
ActiveSyms: 12
ActiveSyms: 13
ActiveSyms: 12
ActiveSyms: 12
ActiveSyms: 12
ActiveSyms: 12
ActiveSyms: 12
ActiveSyms: 12
ActiveSyms: 12
ActiveSyms: 13
ActiveSyms: 14
ActiveSyms: 13
ActiveSyms: 13
ActiveSyms: 13
ActiveSyms: 12
ActiveSyms: 13
ActiveSyms: 13
ActiveSyms: 13
ActiveSyms: 14
ActiveSyms: 14
ActiveSyms: 13
ActiveSyms: 14
ActiveSyms: 13
ActiveSyms: 15
ActiveSyms: 12
ActiveSyms: 12
ActiveSyms: 12
ActiveSyms: 13
ActiveSyms: 13
ActiveSyms: 13
ActiveSyms: 13
ActiveSyms: 12
ActiveSyms: 13
ActiveSyms: 13
ActiveSyms: 14
ActiveSyms: 14
ActiveSyms: 14
ActiveSyms: 14
ActiveSyms: 15
ActiveSyms: 14
ActiveSyms: 14
ActiveSyms: 14
ActiveSyms: 15
ActiveSyms: 15
ActiveSyms: 13
ActiveSyms: 13
ActiveSyms: 13
ActiveSyms: 13
ActiveSyms: 13
ActiveSyms: 13
ActiveSyms: 13
ActiveSyms: 13
ActiveSyms: 12
ActiveSyms: 12
ActiveSyms: 12
ActiveSyms: 13
ActiveSyms: 14
ActiveSyms: 13
ActiveSyms: 13
ActiveSyms: 13
ActiveSyms: 13
ActiveSyms: 13
ActiveSyms: 14
ActiveSyms: 14
ActiveSyms: 14
ActiveSyms: 13
ActiveSyms: 13
ActiveSyms: 13
ActiveSyms: 13
ActiveSyms: 13
ActiveSyms: 13
ActiveSyms: 12
ActiveSyms: 13
ActiveSyms: 13
ActiveSyms: 13
ActiveSyms: 13
ActiveSyms: 13
ActiveSyms: 13
ActiveSyms: 14
ActiveSyms: 13
ActiveSyms: 14
ActiveSyms: 14
ActiveSyms: 13
ActiveSyms: 14
ActiveSyms: 13
ActiveSyms: 13
ActiveSyms: 13
ActiveSyms: 13
ActiveSyms: 14
ActiveSyms: 14
ActiveSyms: 14
ActiveSyms: 14
ActiveSyms: 13
ActiveSyms: 13
ActiveSyms: 14
ActiveSyms: 13
ActiveSyms: 12
ActiveSyms: 13
ActiveSyms: 13
ActiveSyms: 13
ActiveSyms: 13
ActiveSyms: 13
ActiveSyms: 12
ActiveSyms: 12
ActiveSyms: 12
ActiveSyms: 12
ActiveSyms: 13
ActiveSyms: 13
ActiveSyms: 13
ActiveSyms: 12
ActiveSyms: 12
ActiveSyms: 13
ActiveSyms: 12
ActiveSyms: 12
ActiveSyms: 12
ActiveSyms: 12
ActiveSyms: 12
ActiveSyms: 12
ActiveSyms: 12
ActiveSyms: 13
ActiveSyms: 13
ActiveSyms: 13
ActiveSyms: 13
ActiveSyms: 12
ActiveSyms: 13
ActiveSyms: 13
ActiveSyms: 13
ActiveSyms: 12
ActiveSyms: 12
ActiveSyms: 12
ActiveSyms: 14
ActiveSyms: 13
ActiveSyms: 14
ActiveSyms: 13
ActiveSyms: 14
ActiveSyms: 12
ActiveSyms: 12
ActiveSyms: 12
ActiveSyms: 14
ActiveSyms: 14
ActiveSyms: 14
ActiveSyms: 13
ActiveSyms: 14
ActiveSyms: 13
ActiveSyms: 13
ActiveSyms: 13
ActiveSyms: 13
ActiveSyms: 12
ActiveSyms: 13
ActiveSyms: 13
ActiveSyms: 12
ActiveSyms: 12
ActiveSyms: 13
ActiveSyms: 13
ActiveSyms: 14
ActiveSyms: 32
ActiveSyms: 27
ActiveSyms: 25
ActiveSyms: 25
ActiveSyms: 25
ActiveSyms: 23
ActiveSyms: 25
ActiveSyms: 23
ActiveSyms: 26
ActiveSyms: 22
ActiveSyms: 21
ActiveSyms: 20
ActiveSyms: 20
ActiveSyms: 20
ActiveSyms: 22
ActiveSyms: 23
ActiveSyms: 26
ActiveSyms: 22
ActiveSyms: 22
ActiveSyms: 21
ActiveSyms: 21
ActiveSyms: 22
ActiveSyms: 24
ActiveSyms: 22
ActiveSyms: 20
ActiveSyms: 21
ActiveSyms: 19
ActiveSyms: 20
ActiveSyms: 18
ActiveSyms: 19
ActiveSyms: 17
ActiveSyms: 18
ActiveSyms: 18
ActiveSyms: 16
ActiveSyms: 17
ActiveSyms: 15
ActiveSyms: 16
ActiveSyms: 16
ActiveSyms: 17
ActiveSyms: 15
ActiveSyms: 15
ActiveSyms: 14
ActiveSyms: 14
ActiveSyms: 14
ActiveSyms: 15
ActiveSyms: 15
ActiveSyms: 15
ActiveSyms: 15
ActiveSyms: 15
ActiveSyms: 14
ActiveSyms: 14
ActiveSyms: 14
ActiveSyms: 14
ActiveSyms: 13
ActiveSyms: 14
ActiveSyms: 13
ActiveSyms: 13
ActiveSyms: 14
ActiveSyms: 14
ActiveSyms: 14
ActiveSyms: 14
ActiveSyms: 13
ActiveSyms: 11
ActiveSyms: 12
ActiveSyms: 11
ActiveSyms: 12
ActiveSyms: 12
ActiveSyms: 12
ActiveSyms: 12
ActiveSyms: 12
ActiveSyms: 12
ActiveSyms: 12
ActiveSyms: 12
ActiveSyms: 12
ActiveSyms: 12
ActiveSyms: 13
ActiveSyms: 12
ActiveSyms: 12
ActiveSyms: 13
ActiveSyms: 12
ActiveSyms: 13
ActiveSyms: 12
ActiveSyms: 13
ActiveSyms: 12
ActiveSyms: 13
ActiveSyms: 12
ActiveSyms: 12
ActiveSyms: 12
ActiveSyms: 13
ActiveSyms: 12
ActiveSyms: 12
ActiveSyms: 12
ActiveSyms: 24
ActiveSyms: 22
ActiveSyms: 24
ActiveSyms: 22
ActiveSyms: 23
ActiveSyms: 21
ActiveSyms: 22
ActiveSyms: 19
ActiveSyms: 17
ActiveSyms: 18
ActiveSyms: 16
ActiveSyms: 18
ActiveSyms: 15
ActiveSyms: 16
ActiveSyms: 16
ActiveSyms: 17
ActiveSyms: 15
ActiveSyms: 15
ActiveSyms: 16
ActiveSyms: 15
ActiveSyms: 15
ActiveSyms: 14
ActiveSyms: 14
ActiveSyms: 13
ActiveSyms: 14
ActiveSyms: 13
ActiveSyms: 13
ActiveSyms: 13
ActiveSyms: 14
ActiveSyms: 14
ActiveSyms: 14
ActiveSyms: 12
ActiveSyms: 14
ActiveSyms: 13
ActiveSyms: 14
ActiveSyms: 13
ActiveSyms: 13
ActiveSyms: 13
ActiveSyms: 13
ActiveSyms: 13
ActiveSyms: 13
ActiveSyms: 13
ActiveSyms: 13
ActiveSyms: 13
ActiveSyms: 13
ActiveSyms: 13
ActiveSyms: 12
ActiveSyms: 12
ActiveSyms: 12
ActiveSyms: 13
ActiveSyms: 13
ActiveSyms: 13
ActiveSyms: 13
ActiveSyms: 12
ActiveSyms: 12
ActiveSyms: 24
ActiveSyms: 22
ActiveSyms: 24
ActiveSyms: 22
ActiveSyms: 23
ActiveSyms: 21
ActiveSyms: 22
ActiveSyms: 19
ActiveSyms: 17
ActiveSyms: 18
ActiveSyms: 16
ActiveSyms: 18
ActiveSyms: 15
ActiveSyms: 16
ActiveSyms: 16
ActiveSyms: 17
ActiveSyms: 15
ActiveSyms: 15
ActiveSyms: 16
ActiveSyms: 15
ActiveSyms: 15
ActiveSyms: 14
ActiveSyms: 13
ActiveSyms: 14
ActiveSyms: 13
ActiveSyms: 13
ActiveSyms: 13
ActiveSyms: 14
ActiveSyms: 14
ActiveSyms: 14
ActiveSyms: 12
ActiveSyms: 14
ActiveSyms: 13
ActiveSyms: 14
ActiveSyms: 13
ActiveSyms: 13
ActiveSyms: 13
ActiveSyms: 13
ActiveSyms: 13
ActiveSyms: 13
ActiveSyms: 13
ActiveSyms: 13
ActiveSyms: 13
ActiveSyms: 13
ActiveSyms: 13
ActiveSyms: 12
ActiveSyms: 12
ActiveSyms: 12
ActiveSyms: 13
ActiveSyms: 13
ActiveSyms: 13
ActiveSyms: 13
ActiveSyms: 12
ActiveSyms: 13
ActiveSyms: 13
ActiveSyms: 12
ActiveSyms: 12
ActiveSyms: 12
ActiveSyms: 12
ActiveSyms: 12
ActiveSyms: 12
ActiveSyms: 12
ActiveSyms: 13
ActiveSyms: 12
ActiveSyms: 12
ActiveSyms: 12
ActiveSyms: 12
ActiveSyms: 13
ActiveSyms: 12
ActiveSyms: 12
ActiveSyms: 12
ActiveSyms: 12
ActiveSyms: 12
ActiveSyms: 12
ActiveSyms: 12
ActiveSyms: 12
ActiveSyms: 12
ActiveSyms: 13
ActiveSyms: 13
ActiveSyms: 13
ActiveSyms: 12
ActiveSyms: 12
ActiveSyms: 13
ActiveSyms: 12
ActiveSyms: 12
ActiveSyms: 12
ActiveSyms: 12
ActiveSyms: 13
ActiveSyms: 13
ActiveSyms: 14
ActiveSyms: 13
ActiveSyms: 14
ActiveSyms: 13
ActiveSyms: 13
ActiveSyms: 12
ActiveSyms: 12
ActiveSyms: 12
ActiveSyms: 12
ActiveSyms: 12
ActiveSyms: 12
ActiveSyms: 12
ActiveSyms: 12
ActiveSyms: 12
ActiveSyms: 12
ActiveSyms: 12
ActiveSyms: 12
ActiveSyms: 12
ActiveSyms: 13
ActiveSyms: 13
ActiveSyms: 13
ActiveSyms: 12
ActiveSyms: 12
ActiveSyms: 13
ActiveSyms: 13
ActiveSyms: 12
ActiveSyms: 13
ActiveSyms: 13
ActiveSyms: 13
ActiveSyms: 13
ActiveSyms: 13
ActiveSyms: 13
ActiveSyms: 13
ActiveSyms: 13
ActiveSyms: 12
ActiveSyms: 12
ActiveSyms: 12
ActiveSyms: 12
ActiveSyms: 12
ActiveSyms: 12
ActiveSyms: 12
ActiveSyms: 12
ActiveSyms: 12
ActiveSyms: 12
ActiveSyms: 12
ActiveSyms: 12
ActiveSyms: 12
ActiveSyms: 12
ActiveSyms: 12
ActiveSyms: 12
ActiveSyms: 13
ActiveSyms: 12
ActiveSyms: 13
ActiveSyms: 12
ActiveSyms: 13
ActiveSyms: 13
ActiveSyms: 13
ActiveSyms: 13
ActiveSyms: 13
ActiveSyms: 13
ActiveSyms: 13
ActiveSyms: 13
ActiveSyms: 13
ActiveSyms: 13
ActiveSyms: 13
ActiveSyms: 13
ActiveSyms: 13
ActiveSyms: 13
ActiveSyms: 12
ActiveSyms: 13
ActiveSyms: 13
ActiveSyms: 13
ActiveSyms: 14
ActiveSyms: 14
ActiveSyms: 14
ActiveSyms: 14
ActiveSyms: 15
ActiveSyms: 15
ActiveSyms: 13
ActiveSyms: 12
ActiveSyms: 12
ActiveSyms: 12
ActiveSyms: 13
ActiveSyms: 12
ActiveSyms: 12
ActiveSyms: 13
ActiveSyms: 13
ActiveSyms: 13
ActiveSyms: 13
ActiveSyms: 13
ActiveSyms: 14
ActiveSyms: 12
ActiveSyms: 12
ActiveSyms: 12
ActiveSyms: 12
ActiveSyms: 12
ActiveSyms: 15
ActiveSyms: 15
ActiveSyms: 15
ActiveSyms: 16
ActiveSyms: 15
ActiveSyms: 15
ActiveSyms: 15
ActiveSyms: 15
ActiveSyms: 16
ActiveSyms: 16
ActiveSyms: 15
ActiveSyms: 15
ActiveSyms: 14
ActiveSyms: 14
ActiveSyms: 14
ActiveSyms: 14
ActiveSyms: 15
ActiveSyms: 15
ActiveSyms: 15
ActiveSyms: 16
ActiveSyms: 13
ActiveSyms: 13
ActiveSyms: 13
ActiveSyms: 13
ActiveSyms: 12
ActiveSyms: 12
ActiveSyms: 13
ActiveSyms: 13
ActiveSyms: 13
ActiveSyms: 13
ActiveSyms: 13
ActiveSyms: 14
ActiveSyms: 14
ActiveSyms: 13
ActiveSyms: 14
ActiveSyms: 14
ActiveSyms: 14
ActiveSyms: 15
ActiveSyms: 14
ActiveSyms: 14
ActiveSyms: 13
ActiveSyms: 14
ActiveSyms: 14
ActiveSyms: 13
ActiveSyms: 13
ActiveSyms: 13
ActiveSyms: 13
ActiveSyms: 13
ActiveSyms: 13
ActiveSyms: 13
ActiveSyms: 13
ActiveSyms: 13
ActiveSyms: 13
ActiveSyms: 14
ActiveSyms: 14
ActiveSyms: 13
ActiveSyms: 13
ActiveSyms: 13
ActiveSyms: 13
ActiveSyms: 13
ActiveSyms: 13
ActiveSyms: 14
ActiveSyms: 13
ActiveSyms: 12
ActiveSyms: 13
ActiveSyms: 14
ActiveSyms: 14
ActiveSyms: 14
ActiveSyms: 14
ActiveSyms: 15
ActiveSyms: 14
ActiveSyms: 15
ActiveSyms: 14
ActiveSyms: 14
ActiveSyms: 14
ActiveSyms: 13
ActiveSyms: 24
ActiveSyms: 22
ActiveSyms: 24
ActiveSyms: 22
ActiveSyms: 23
ActiveSyms: 21
ActiveSyms: 22
ActiveSyms: 21
ActiveSyms: 24
ActiveSyms: 20
ActiveSyms: 20
ActiveSyms: 21
ActiveSyms: 18
ActiveSyms: 19
ActiveSyms: 19
ActiveSyms: 18
ActiveSyms: 17
ActiveSyms: 19
ActiveSyms: 16
ActiveSyms: 15
ActiveSyms: 14
ActiveSyms: 17
ActiveSyms: 15
ActiveSyms: 15
ActiveSyms: 15
ActiveSyms: 14
ActiveSyms: 14
ActiveSyms: 14
ActiveSyms: 14
ActiveSyms: 14
ActiveSyms: 15
ActiveSyms: 14
ActiveSyms: 15
ActiveSyms: 13
ActiveSyms: 14
ActiveSyms: 14
ActiveSyms: 14
ActiveSyms: 14
ActiveSyms: 14
ActiveSyms: 13
ActiveSyms: 24
ActiveSyms: 22
ActiveSyms: 24
ActiveSyms: 22
ActiveSyms: 23
ActiveSyms: 21
ActiveSyms: 22
ActiveSyms: 21
ActiveSyms: 24
ActiveSyms: 20
ActiveSyms: 20
ActiveSyms: 21
ActiveSyms: 18
ActiveSyms: 19
ActiveSyms: 19
ActiveSyms: 18
ActiveSyms: 17
ActiveSyms: 19
ActiveSyms: 16
ActiveSyms: 15
ActiveSyms: 14
ActiveSyms: 17
ActiveSyms: 15
ActiveSyms: 15
ActiveSyms: 15
ActiveSyms: 14
ActiveSyms: 14
ActiveSyms: 14
ActiveSyms: 14
ActiveSyms: 14
ActiveSyms: 15
ActiveSyms: 14
ActiveSyms: 15
ActiveSyms: 13
ActiveSyms: 14
ActiveSyms: 14
ActiveSyms: 14
ActiveSyms: 14
ActiveSyms: 14
ActiveSyms: 14
ActiveSyms: 14
ActiveSyms: 15
ActiveSyms: 15
ActiveSyms: 15
ActiveSyms: 15
ActiveSyms: 15
ActiveSyms: 14
ActiveSyms: 13
ActiveSyms: 13
ActiveSyms: 13
ActiveSyms: 13
ActiveSyms: 12
ActiveSyms: 13
ActiveSyms: 12
ActiveSyms: 11
ActiveSyms: 10
ActiveSyms: 8
ActiveSyms: 8
ActiveSyms: 8
ActiveSyms: 8
ActiveSyms: 6
ActiveSyms: 7
ActiveSyms: 7
ActiveSyms: 8
ActiveSyms: 7
ActiveSyms: 6
ActiveSyms: 5
ActiveSyms: 6
ActiveSyms: 6
ActiveSyms: 6
ActiveSyms: 6
ActiveSyms: 5
ActiveSyms: 3
ActiveSyms: 2
ActiveSyms: 1
ActiveSyms: 1
ActiveSyms: 1
ActiveSyms: 1
ActiveSyms: 0
ActiveSyms: 1
ActiveSyms: 1
ActiveSyms: 1
ActiveSyms: 0
ActiveSyms: 0
ActiveSyms: 0
ActiveSyms: 0
ActiveSyms: 1
ActiveSyms: 3
ActiveSyms: 3
ActiveSyms: 1
ActiveSyms: 0
ActiveSyms: 0
ActiveSyms: 0
ActiveSyms: 0
ActiveSyms: 0
ActiveSyms: 0
===============================================================================
restarts              : 6
conflicts             : 723            (30124 /sec)
symconflicts          : 84             (3500 /sec)
decisions             : 1902           (0.00 % random) (79247 /sec)
propagations          : 16252          (677138 /sec)
sympropagations       : 522            (21749 /sec)
conflict literals     : 42053          (4.12 % deleted)
literals     : 42053          (4.12 % deleted)

HEURISTIC USAGES
random                : 0           
activity w/ lookahead : 0           
activity no lookahead : 0           
original sp           : 1901        
sym count             : 0           

Memory used           : 5.00 MB
CPU time              : 0.024001 s

SATISFIABLE
