Test: fpga10_20_uns_rcr.cnf
Options: -print-activity -no-inverting-opt -activity-nl-freq=1
WARNING: for repeatability, setting FPU to use double precision
============================[ Problem Statistics ]=============================
|                                                                             |
|  Number of symmetries:           57                                         |
|  Number of invertingSyms:         0                                         |
|  Number of variables:           400                                         |
|  Number of clauses:            3840                                         |
|  Parse time:                   0.00 s                                       |
|                                                                             |
============================[ Search Statistics ]==============================
| Conflicts |          ORIGINAL         |          LEARNT          | Progress |
|           |    Vars  Clauses Literals |    Limit  Clauses Lit/Cl |          |
===============================================================================
ActiveSyms: 57
ActiveSyms: 53
ActiveSyms: 49
ActiveSyms: 46
ActiveSyms: 44
ActiveSyms: 42
ActiveSyms: 39
ActiveSyms: 39
ActiveSyms: 36
ActiveSyms: 34
ActiveSyms: 34
ActiveSyms: 34
ActiveSyms: 32
ActiveSyms: 32
ActiveSyms: 31
ActiveSyms: 29
ActiveSyms: 26
ActiveSyms: 27
ActiveSyms: 24
ActiveSyms: 22
ActiveSyms: 22
ActiveSyms: 20
ActiveSyms: 20
ActiveSyms: 20
ActiveSyms: 20
ActiveSyms: 18
ActiveSyms: 17
ActiveSyms: 15
ActiveSyms: 15
ActiveSyms: 14
ActiveSyms: 14
ActiveSyms: 12
ActiveSyms: 11
ActiveSyms: 11
ActiveSyms: 10
ActiveSyms: 10
ActiveSyms: 10
ActiveSyms: 10
ActiveSyms: 10
ActiveSyms: 9
ActiveSyms: 8
ActiveSyms: 8
ActiveSyms: 8
ActiveSyms: 8
ActiveSyms: 8
ActiveSyms: 6
ActiveSyms: 6
ActiveSyms: 6
ActiveSyms: 6
ActiveSyms: 6
ActiveSyms: 6
ActiveSyms: 6
ActiveSyms: 5
ActiveSyms: 5
ActiveSyms: 5
ActiveSyms: 5
ActiveSyms: 5
ActiveSyms: 5
ActiveSyms: 5
ActiveSyms: 5
ActiveSyms: 5
ActiveSyms: 4
ActiveSyms: 4
ActiveSyms: 4
ActiveSyms: 4
ActiveSyms: 4
ActiveSyms: 4
ActiveSyms: 4
ActiveSyms: 4
ActiveSyms: 4
ActiveSyms: 4
ActiveSyms: 4
ActiveSyms: 3
ActiveSyms: 3
ActiveSyms: 3
ActiveSyms: 2
ActiveSyms: 2
ActiveSyms: 2
ActiveSyms: 2
ActiveSyms: 2
ActiveSyms: 2
ActiveSyms: 2
ActiveSyms: 2
ActiveSyms: 2
ActiveSyms: 1
ActiveSyms: 1
ActiveSyms: 1
ActiveSyms: 1
ActiveSyms: 1
ActiveSyms: 1
ActiveSyms: 1
ActiveSyms: 1
ActiveSyms: 1
ActiveSyms: 1
ActiveSyms: 1
ActiveSyms: 1
ActiveSyms: 1
ActiveSyms: 1
ActiveSyms: 1
ActiveSyms: 1
ActiveSyms: 1
ActiveSyms: 1
ActiveSyms: 1
ActiveSyms: 1
ActiveSyms: 1
ActiveSyms: 1
ActiveSyms: 1
ActiveSyms: 1
ActiveSyms: 1
ActiveSyms: 1
ActiveSyms: 1
ActiveSyms: 1
ActiveSyms: 1
ActiveSyms: 1
ActiveSyms: 1
ActiveSyms: 1
ActiveSyms: 1
ActiveSyms: 1
ActiveSyms: 1
ActiveSyms: 1
ActiveSyms: 1
ActiveSyms: 1
ActiveSyms: 1
ActiveSyms: 1
ActiveSyms: 1
ActiveSyms: 1
ActiveSyms: 1
ActiveSyms: 1
ActiveSyms: 1
ActiveSyms: 1
ActiveSyms: 1
ActiveSyms: 1
ActiveSyms: 1
ActiveSyms: 1
ActiveSyms: 1
ActiveSyms: 1
ActiveSyms: 1
ActiveSyms: 1
ActiveSyms: 1
ActiveSyms: 1
ActiveSyms: 1
ActiveSyms: 1
ActiveSyms: 1
ActiveSyms: 1
ActiveSyms: 1
ActiveSyms: 2
ActiveSyms: 2
ActiveSyms: 2
ActiveSyms: 2
ActiveSyms: 2
ActiveSyms: 2
ActiveSyms: 2
ActiveSyms: 2
ActiveSyms: 2
ActiveSyms: 2
ActiveSyms: 2
ActiveSyms: 2
ActiveSyms: 2
ActiveSyms: 2
ActiveSyms: 2
ActiveSyms: 2
ActiveSyms: 2
ActiveSyms: 2
ActiveSyms: 2
ActiveSyms: 1
ActiveSyms: 1
ActiveSyms: 1
ActiveSyms: 1
ActiveSyms: 1
ActiveSyms: 1
ActiveSyms: 1
ActiveSyms: 1
ActiveSyms: 1
ActiveSyms: 1
ActiveSyms: 1
ActiveSyms: 1
ActiveSyms: 1
ActiveSyms: 1
ActiveSyms: 1
ActiveSyms: 1
ActiveSyms: 1
ActiveSyms: 1
ActiveSyms: 1
ActiveSyms: 1
ActiveSyms: 1
ActiveSyms: 1
ActiveSyms: 1
ActiveSyms: 1
ActiveSyms: 1
ActiveSyms: 1
ActiveSyms: 1
ActiveSyms: 1
ActiveSyms: 1
ActiveSyms: 1
ActiveSyms: 1
ActiveSyms: 1
ActiveSyms: 1
ActiveSyms: 1
ActiveSyms: 1
ActiveSyms: 1
ActiveSyms: 1
ActiveSyms: 1
ActiveSyms: 1
ActiveSyms: 1
ActiveSyms: 1
ActiveSyms: 1
ActiveSyms: 1
ActiveSyms: 1
ActiveSyms: 1
ActiveSyms: 1
ActiveSyms: 1
ActiveSyms: 1
ActiveSyms: 0
ActiveSyms: 1
ActiveSyms: 1
ActiveSyms: 1
ActiveSyms: 1
ActiveSyms: 2
ActiveSyms: 1
ActiveSyms: 1
ActiveSyms: 1
ActiveSyms: 1
ActiveSyms: 1
ActiveSyms: 1
ActiveSyms: 1
ActiveSyms: 1
ActiveSyms: 1
ActiveSyms: 1
ActiveSyms: 1
ActiveSyms: 1
ActiveSyms: 1
ActiveSyms: 1
ActiveSyms: 1
ActiveSyms: 1
ActiveSyms: 1
ActiveSyms: 1
ActiveSyms: 1
ActiveSyms: 1
ActiveSyms: 1
ActiveSyms: 1
ActiveSyms: 1
ActiveSyms: 1
ActiveSyms: 1
ActiveSyms: 1
ActiveSyms: 1
ActiveSyms: 1
ActiveSyms: 1
ActiveSyms: 2
ActiveSyms: 2
ActiveSyms: 2
ActiveSyms: 2
ActiveSyms: 2
ActiveSyms: 2
ActiveSyms: 1
ActiveSyms: 1
ActiveSyms: 1
ActiveSyms: 1
ActiveSyms: 1
ActiveSyms: 1
ActiveSyms: 1
ActiveSyms: 1
ActiveSyms: 1
ActiveSyms: 1
ActiveSyms: 2
ActiveSyms: 2
ActiveSyms: 2
ActiveSyms: 1
ActiveSyms: 1
ActiveSyms: 1
ActiveSyms: 1
ActiveSyms: 1
ActiveSyms: 1
ActiveSyms: 2
ActiveSyms: 2
ActiveSyms: 2
ActiveSyms: 1
ActiveSyms: 2
ActiveSyms: 2
ActiveSyms: 2
ActiveSyms: 2
ActiveSyms: 2
ActiveSyms: 2
ActiveSyms: 2
ActiveSyms: 2
ActiveSyms: 2
ActiveSyms: 2
ActiveSyms: 2
ActiveSyms: 1
ActiveSyms: 1
ActiveSyms: 2
ActiveSyms: 2
ActiveSyms: 1
ActiveSyms: 1
ActiveSyms: 1
ActiveSyms: 1
ActiveSyms: 2
ActiveSyms: 2
ActiveSyms: 2
ActiveSyms: 2
ActiveSyms: 2
ActiveSyms: 2
ActiveSyms: 2
ActiveSyms: 2
ActiveSyms: 2
ActiveSyms: 2
ActiveSyms: 2
ActiveSyms: 2
ActiveSyms: 2
ActiveSyms: 2
ActiveSyms: 2
ActiveSyms: 2
ActiveSyms: 2
ActiveSyms: 2
ActiveSyms: 2
ActiveSyms: 2
ActiveSyms: 2
ActiveSyms: 2
ActiveSyms: 2
ActiveSyms: 2
ActiveSyms: 2
ActiveSyms: 2
ActiveSyms: 2
ActiveSyms: 2
ActiveSyms: 2
ActiveSyms: 2
ActiveSyms: 2
ActiveSyms: 2
ActiveSyms: 2
ActiveSyms: 2
ActiveSyms: 2
ActiveSyms: 2
ActiveSyms: 2
ActiveSyms: 2
ActiveSyms: 2
ActiveSyms: 2
ActiveSyms: 2
ActiveSyms: 2
ActiveSyms: 2
ActiveSyms: 2
ActiveSyms: 2
ActiveSyms: 2
ActiveSyms: 2
ActiveSyms: 2
ActiveSyms: 2
ActiveSyms: 2
ActiveSyms: 2
ActiveSyms: 2
ActiveSyms: 2
ActiveSyms: 2
ActiveSyms: 3
ActiveSyms: 3
ActiveSyms: 3
ActiveSyms: 2
ActiveSyms: 2
ActiveSyms: 2
ActiveSyms: 2
ActiveSyms: 2
ActiveSyms: 2
ActiveSyms: 2
ActiveSyms: 2
ActiveSyms: 1
ActiveSyms: 1
ActiveSyms: 1
ActiveSyms: 1
ActiveSyms: 1
ActiveSyms: 1
ActiveSyms: 1
ActiveSyms: 1
ActiveSyms: 1
ActiveSyms: 1
ActiveSyms: 1
ActiveSyms: 1
ActiveSyms: 1
ActiveSyms: 1
ActiveSyms: 1
ActiveSyms: 1
ActiveSyms: 1
ActiveSyms: 1
ActiveSyms: 1
ActiveSyms: 1
ActiveSyms: 2
ActiveSyms: 2
ActiveSyms: 2
ActiveSyms: 2
ActiveSyms: 2
ActiveSyms: 2
ActiveSyms: 2
ActiveSyms: 2
ActiveSyms: 2
ActiveSyms: 2
ActiveSyms: 2
ActiveSyms: 2
ActiveSyms: 1
ActiveSyms: 2
ActiveSyms: 2
ActiveSyms: 1
ActiveSyms: 1
ActiveSyms: 1
ActiveSyms: 1
ActiveSyms: 1
ActiveSyms: 1
ActiveSyms: 1
ActiveSyms: 1
ActiveSyms: 1
ActiveSyms: 1
ActiveSyms: 1
ActiveSyms: 1
ActiveSyms: 1
ActiveSyms: 1
ActiveSyms: 1
ActiveSyms: 1
ActiveSyms: 1
ActiveSyms: 1
ActiveSyms: 1
ActiveSyms: 1
ActiveSyms: 1
ActiveSyms: 1
ActiveSyms: 1
ActiveSyms: 1
ActiveSyms: 1
ActiveSyms: 1
ActiveSyms: 1
ActiveSyms: 2
ActiveSyms: 2
ActiveSyms: 2
ActiveSyms: 2
ActiveSyms: 2
ActiveSyms: 1
ActiveSyms: 1
ActiveSyms: 1
ActiveSyms: 1
ActiveSyms: 1
ActiveSyms: 1
ActiveSyms: 1
ActiveSyms: 1
ActiveSyms: 1
ActiveSyms: 1
ActiveSyms: 1
ActiveSyms: 1
ActiveSyms: 1
ActiveSyms: 1
ActiveSyms: 1
ActiveSyms: 1
ActiveSyms: 1
ActiveSyms: 1
ActiveSyms: 1
ActiveSyms: 1
ActiveSyms: 1
ActiveSyms: 1
ActiveSyms: 1
ActiveSyms: 1
ActiveSyms: 1
ActiveSyms: 1
ActiveSyms: 1
ActiveSyms: 1
ActiveSyms: 2
ActiveSyms: 2
ActiveSyms: 2
ActiveSyms: 2
ActiveSyms: 2
ActiveSyms: 1
ActiveSyms: 1
ActiveSyms: 1
ActiveSyms: 1
ActiveSyms: 1
ActiveSyms: 1
ActiveSyms: 1
ActiveSyms: 1
ActiveSyms: 1
ActiveSyms: 2
ActiveSyms: 2
|       100 |     400     3840     8000 |     1408      142     60 |  0.001 % |
ActiveSyms: 2
ActiveSyms: 1
ActiveSyms: 1
ActiveSyms: 57
ActiveSyms: 53
ActiveSyms: 52
ActiveSyms: 50
ActiveSyms: 48
ActiveSyms: 48
ActiveSyms: 47
ActiveSyms: 47
ActiveSyms: 46
ActiveSyms: 46
ActiveSyms: 44
ActiveSyms: 44
ActiveSyms: 45
ActiveSyms: 44
ActiveSyms: 43
ActiveSyms: 43
ActiveSyms: 43
ActiveSyms: 41
ActiveSyms: 41
ActiveSyms: 41
ActiveSyms: 41
ActiveSyms: 41
ActiveSyms: 41
ActiveSyms: 39
ActiveSyms: 39
ActiveSyms: 39
ActiveSyms: 39
ActiveSyms: 39
ActiveSyms: 39
ActiveSyms: 39
ActiveSyms: 39
ActiveSyms: 39
ActiveSyms: 39
ActiveSyms: 38
ActiveSyms: 38
ActiveSyms: 38
ActiveSyms: 37
ActiveSyms: 37
ActiveSyms: 37
ActiveSyms: 37
ActiveSyms: 37
ActiveSyms: 37
ActiveSyms: 37
ActiveSyms: 36
ActiveSyms: 35
ActiveSyms: 35
ActiveSyms: 36
ActiveSyms: 35
ActiveSyms: 35
ActiveSyms: 35
ActiveSyms: 35
ActiveSyms: 35
ActiveSyms: 35
ActiveSyms: 34
ActiveSyms: 34
ActiveSyms: 34
ActiveSyms: 34
ActiveSyms: 34
ActiveSyms: 34
ActiveSyms: 34
ActiveSyms: 33
ActiveSyms: 33
ActiveSyms: 33
ActiveSyms: 33
ActiveSyms: 33
ActiveSyms: 33
ActiveSyms: 33
ActiveSyms: 33
ActiveSyms: 33
ActiveSyms: 33
ActiveSyms: 33
ActiveSyms: 33
ActiveSyms: 33
ActiveSyms: 33
ActiveSyms: 33
ActiveSyms: 33
ActiveSyms: 33
ActiveSyms: 33
ActiveSyms: 33
ActiveSyms: 33
ActiveSyms: 33
ActiveSyms: 34
ActiveSyms: 34
ActiveSyms: 34
ActiveSyms: 34
ActiveSyms: 34
ActiveSyms: 34
ActiveSyms: 34
ActiveSyms: 33
ActiveSyms: 33
ActiveSyms: 33
ActiveSyms: 33
ActiveSyms: 34
ActiveSyms: 34
ActiveSyms: 34
ActiveSyms: 34
ActiveSyms: 34
ActiveSyms: 33
ActiveSyms: 34
ActiveSyms: 34
ActiveSyms: 35
ActiveSyms: 34
ActiveSyms: 33
ActiveSyms: 33
ActiveSyms: 33
ActiveSyms: 34
ActiveSyms: 34
ActiveSyms: 34
ActiveSyms: 33
ActiveSyms: 34
ActiveSyms: 34
ActiveSyms: 34
ActiveSyms: 34
ActiveSyms: 34
ActiveSyms: 34
ActiveSyms: 34
ActiveSyms: 35
ActiveSyms: 35
ActiveSyms: 34
ActiveSyms: 34
ActiveSyms: 33
ActiveSyms: 34
ActiveSyms: 34
ActiveSyms: 34
ActiveSyms: 34
ActiveSyms: 34
ActiveSyms: 34
ActiveSyms: 34
ActiveSyms: 34
ActiveSyms: 34
ActiveSyms: 34
ActiveSyms: 34
ActiveSyms: 34
ActiveSyms: 34
ActiveSyms: 34
ActiveSyms: 34
ActiveSyms: 34
ActiveSyms: 34
ActiveSyms: 34
ActiveSyms: 34
ActiveSyms: 34
ActiveSyms: 34
ActiveSyms: 34
ActiveSyms: 34
ActiveSyms: 34
ActiveSyms: 34
ActiveSyms: 34
ActiveSyms: 34
ActiveSyms: 34
ActiveSyms: 34
ActiveSyms: 34
ActiveSyms: 34
ActiveSyms: 34
ActiveSyms: 34
ActiveSyms: 34
ActiveSyms: 34
ActiveSyms: 34
ActiveSyms: 33
ActiveSyms: 33
ActiveSyms: 33
ActiveSyms: 33
ActiveSyms: 33
ActiveSyms: 33
ActiveSyms: 33
ActiveSyms: 33
ActiveSyms: 33
ActiveSyms: 33
ActiveSyms: 33
ActiveSyms: 33
ActiveSyms: 33
ActiveSyms: 33
ActiveSyms: 33
ActiveSyms: 33
ActiveSyms: 33
ActiveSyms: 33
ActiveSyms: 33
ActiveSyms: 33
ActiveSyms: 33
ActiveSyms: 33
ActiveSyms: 33
ActiveSyms: 33
ActiveSyms: 33
ActiveSyms: 33
ActiveSyms: 33
ActiveSyms: 33
ActiveSyms: 33
ActiveSyms: 33
ActiveSyms: 33
ActiveSyms: 33
ActiveSyms: 33
ActiveSyms: 33
ActiveSyms: 33
ActiveSyms: 33
ActiveSyms: 33
ActiveSyms: 33
ActiveSyms: 33
ActiveSyms: 33
ActiveSyms: 33
ActiveSyms: 33
ActiveSyms: 33
ActiveSyms: 33
ActiveSyms: 33
ActiveSyms: 33
ActiveSyms: 33
ActiveSyms: 33
ActiveSyms: 33
ActiveSyms: 33
ActiveSyms: 33
ActiveSyms: 33
ActiveSyms: 33
ActiveSyms: 33
ActiveSyms: 33
ActiveSyms: 33
ActiveSyms: 33
ActiveSyms: 33
ActiveSyms: 33
ActiveSyms: 33
ActiveSyms: 33
ActiveSyms: 33
ActiveSyms: 34
ActiveSyms: 34
ActiveSyms: 34
ActiveSyms: 34
ActiveSyms: 34
ActiveSyms: 33
ActiveSyms: 33
ActiveSyms: 33
ActiveSyms: 34
ActiveSyms: 34
ActiveSyms: 34
ActiveSyms: 34
ActiveSyms: 33
ActiveSyms: 33
ActiveSyms: 33
ActiveSyms: 34
ActiveSyms: 34
ActiveSyms: 34
ActiveSyms: 34
ActiveSyms: 34
ActiveSyms: 34
ActiveSyms: 34
ActiveSyms: 34
ActiveSyms: 34
ActiveSyms: 34
ActiveSyms: 34
ActiveSyms: 34
ActiveSyms: 34
ActiveSyms: 34
ActiveSyms: 33
ActiveSyms: 33
ActiveSyms: 34
ActiveSyms: 34
ActiveSyms: 34
ActiveSyms: 34
ActiveSyms: 34
ActiveSyms: 34
ActiveSyms: 34
ActiveSyms: 34
ActiveSyms: 34
ActiveSyms: 34
ActiveSyms: 34
ActiveSyms: 34
ActiveSyms: 34
ActiveSyms: 34
ActiveSyms: 34
ActiveSyms: 34
ActiveSyms: 34
ActiveSyms: 34
ActiveSyms: 34
ActiveSyms: 34
ActiveSyms: 34
ActiveSyms: 34
ActiveSyms: 34
ActiveSyms: 34
ActiveSyms: 34
ActiveSyms: 34
ActiveSyms: 34
ActiveSyms: 34
ActiveSyms: 34
ActiveSyms: 34
ActiveSyms: 33
ActiveSyms: 33
ActiveSyms: 33
ActiveSyms: 33
ActiveSyms: 33
ActiveSyms: 33
ActiveSyms: 33
ActiveSyms: 33
ActiveSyms: 33
ActiveSyms: 33
ActiveSyms: 57
ActiveSyms: 52
ActiveSyms: 50
ActiveSyms: 49
ActiveSyms: 49
ActiveSyms: 49
ActiveSyms: 49
ActiveSyms: 49
ActiveSyms: 47
ActiveSyms: 47
ActiveSyms: 46
ActiveSyms: 45
ActiveSyms: 43
ActiveSyms: 43
ActiveSyms: 42
ActiveSyms: 42
ActiveSyms: 42
ActiveSyms: 41
ActiveSyms: 42
ActiveSyms: 41
ActiveSyms: 41
ActiveSyms: 41
ActiveSyms: 41
ActiveSyms: 41
ActiveSyms: 40
ActiveSyms: 39
ActiveSyms: 39
ActiveSyms: 39
ActiveSyms: 39
ActiveSyms: 39
ActiveSyms: 39
ActiveSyms: 37
ActiveSyms: 37
ActiveSyms: 37
ActiveSyms: 37
ActiveSyms: 37
ActiveSyms: 37
ActiveSyms: 37
ActiveSyms: 37
ActiveSyms: 37
ActiveSyms: 36
ActiveSyms: 36
ActiveSyms: 36
ActiveSyms: 36
ActiveSyms: 36
ActiveSyms: 37
ActiveSyms: 37
ActiveSyms: 36
ActiveSyms: 36
ActiveSyms: 36
ActiveSyms: 36
ActiveSyms: 37
ActiveSyms: 36
ActiveSyms: 36
ActiveSyms: 36
ActiveSyms: 36
ActiveSyms: 36
ActiveSyms: 36
ActiveSyms: 36
ActiveSyms: 36
ActiveSyms: 36
ActiveSyms: 36
ActiveSyms: 36
ActiveSyms: 36
ActiveSyms: 36
ActiveSyms: 36
ActiveSyms: 36
ActiveSyms: 36
ActiveSyms: 36
ActiveSyms: 37
ActiveSyms: 37
ActiveSyms: 37
ActiveSyms: 37
ActiveSyms: 37
ActiveSyms: 37
ActiveSyms: 37
ActiveSyms: 37
ActiveSyms: 37
ActiveSyms: 37
ActiveSyms: 37
ActiveSyms: 37
ActiveSyms: 37
ActiveSyms: 37
ActiveSyms: 37
ActiveSyms: 37
ActiveSyms: 37
ActiveSyms: 37
ActiveSyms: 37
ActiveSyms: 37
ActiveSyms: 37
ActiveSyms: 37
ActiveSyms: 37
ActiveSyms: 36
ActiveSyms: 37
ActiveSyms: 37
ActiveSyms: 36
ActiveSyms: 37
ActiveSyms: 36
ActiveSyms: 36
ActiveSyms: 36
ActiveSyms: 36
ActiveSyms: 36
ActiveSyms: 36
ActiveSyms: 36
ActiveSyms: 36
ActiveSyms: 36
ActiveSyms: 36
ActiveSyms: 36
ActiveSyms: 36
ActiveSyms: 36
ActiveSyms: 36
ActiveSyms: 37
ActiveSyms: 37
ActiveSyms: 37
ActiveSyms: 36
ActiveSyms: 37
ActiveSyms: 37
ActiveSyms: 36
ActiveSyms: 36
ActiveSyms: 36
ActiveSyms: 36
ActiveSyms: 36
ActiveSyms: 36
ActiveSyms: 36
ActiveSyms: 36
ActiveSyms: 36
ActiveSyms: 36
ActiveSyms: 37
ActiveSyms: 37
ActiveSyms: 37
ActiveSyms: 37
ActiveSyms: 37
ActiveSyms: 36
ActiveSyms: 36
ActiveSyms: 37
ActiveSyms: 36
ActiveSyms: 36
ActiveSyms: 36
ActiveSyms: 37
ActiveSyms: 37
ActiveSyms: 36
ActiveSyms: 36
ActiveSyms: 36
ActiveSyms: 37
ActiveSyms: 37
ActiveSyms: 37
ActiveSyms: 37
ActiveSyms: 36
ActiveSyms: 37
ActiveSyms: 36
ActiveSyms: 36
ActiveSyms: 36
ActiveSyms: 36
ActiveSyms: 35
ActiveSyms: 36
ActiveSyms: 36
ActiveSyms: 36
ActiveSyms: 36
ActiveSyms: 37
ActiveSyms: 37
ActiveSyms: 37
ActiveSyms: 37
ActiveSyms: 37
ActiveSyms: 36
ActiveSyms: 36
ActiveSyms: 36
ActiveSyms: 36
ActiveSyms: 36
ActiveSyms: 36
ActiveSyms: 37
ActiveSyms: 36
ActiveSyms: 36
|       250 |     400     3840     8000 |     1548      390     50 |  0.001 % |
ActiveSyms: 36
ActiveSyms: 36
ActiveSyms: 36
ActiveSyms: 37
ActiveSyms: 36
ActiveSyms: 35
ActiveSyms: 36
ActiveSyms: 35
ActiveSyms: 35
ActiveSyms: 35
ActiveSyms: 35
ActiveSyms: 35
ActiveSyms: 35
ActiveSyms: 35
ActiveSyms: 35
ActiveSyms: 35
ActiveSyms: 35
ActiveSyms: 35
ActiveSyms: 35
ActiveSyms: 35
ActiveSyms: 35
ActiveSyms: 35
ActiveSyms: 35
ActiveSyms: 36
ActiveSyms: 37
ActiveSyms: 37
ActiveSyms: 37
ActiveSyms: 37
ActiveSyms: 36
ActiveSyms: 36
ActiveSyms: 35
ActiveSyms: 35
ActiveSyms: 35
ActiveSyms: 35
ActiveSyms: 36
ActiveSyms: 36
ActiveSyms: 36
ActiveSyms: 35
ActiveSyms: 35
ActiveSyms: 35
ActiveSyms: 35
ActiveSyms: 35
ActiveSyms: 35
ActiveSyms: 35
ActiveSyms: 36
ActiveSyms: 36
ActiveSyms: 36
ActiveSyms: 36
ActiveSyms: 36
ActiveSyms: 36
ActiveSyms: 36
ActiveSyms: 36
ActiveSyms: 36
ActiveSyms: 36
ActiveSyms: 36
ActiveSyms: 36
ActiveSyms: 35
ActiveSyms: 36
ActiveSyms: 36
ActiveSyms: 36
ActiveSyms: 36
ActiveSyms: 36
ActiveSyms: 36
ActiveSyms: 35
ActiveSyms: 36
ActiveSyms: 36
ActiveSyms: 36
ActiveSyms: 35
ActiveSyms: 36
ActiveSyms: 36
ActiveSyms: 37
ActiveSyms: 36
ActiveSyms: 36
ActiveSyms: 36
ActiveSyms: 36
ActiveSyms: 36
ActiveSyms: 36
ActiveSyms: 36
ActiveSyms: 36
ActiveSyms: 36
ActiveSyms: 35
ActiveSyms: 34
ActiveSyms: 34
ActiveSyms: 32
ActiveSyms: 32
ActiveSyms: 32
ActiveSyms: 32
ActiveSyms: 34
ActiveSyms: 36
ActiveSyms: 36
ActiveSyms: 36
ActiveSyms: 36
ActiveSyms: 36
ActiveSyms: 36
ActiveSyms: 36
ActiveSyms: 36
ActiveSyms: 36
ActiveSyms: 36
ActiveSyms: 36
ActiveSyms: 36
ActiveSyms: 36
ActiveSyms: 36
ActiveSyms: 36
ActiveSyms: 36
ActiveSyms: 36
ActiveSyms: 36
ActiveSyms: 36
ActiveSyms: 36
ActiveSyms: 36
ActiveSyms: 36
ActiveSyms: 36
ActiveSyms: 36
ActiveSyms: 36
ActiveSyms: 35
ActiveSyms: 36
ActiveSyms: 36
ActiveSyms: 36
ActiveSyms: 36
ActiveSyms: 35
ActiveSyms: 36
ActiveSyms: 36
ActiveSyms: 36
ActiveSyms: 36
ActiveSyms: 36
ActiveSyms: 36
ActiveSyms: 36
ActiveSyms: 36
ActiveSyms: 35
ActiveSyms: 35
ActiveSyms: 36
ActiveSyms: 36
ActiveSyms: 35
ActiveSyms: 36
ActiveSyms: 36
ActiveSyms: 36
ActiveSyms: 36
ActiveSyms: 36
ActiveSyms: 36
ActiveSyms: 36
ActiveSyms: 35
ActiveSyms: 36
ActiveSyms: 36
ActiveSyms: 36
ActiveSyms: 35
ActiveSyms: 36
ActiveSyms: 36
ActiveSyms: 35
ActiveSyms: 36
ActiveSyms: 35
ActiveSyms: 36
ActiveSyms: 36
ActiveSyms: 37
ActiveSyms: 37
ActiveSyms: 36
ActiveSyms: 37
ActiveSyms: 37
ActiveSyms: 37
ActiveSyms: 36
ActiveSyms: 36
ActiveSyms: 37
ActiveSyms: 36
ActiveSyms: 37
ActiveSyms: 36
ActiveSyms: 35
ActiveSyms: 37
ActiveSyms: 37
ActiveSyms: 36
ActiveSyms: 36
ActiveSyms: 36
ActiveSyms: 36
ActiveSyms: 35
ActiveSyms: 36
ActiveSyms: 35
ActiveSyms: 36
ActiveSyms: 36
ActiveSyms: 36
ActiveSyms: 36
ActiveSyms: 37
ActiveSyms: 36
ActiveSyms: 37
ActiveSyms: 36
ActiveSyms: 35
ActiveSyms: 36
ActiveSyms: 37
ActiveSyms: 37
ActiveSyms: 37
ActiveSyms: 37
ActiveSyms: 37
ActiveSyms: 36
ActiveSyms: 37
ActiveSyms: 36
ActiveSyms: 35
ActiveSyms: 35
ActiveSyms: 35
ActiveSyms: 35
ActiveSyms: 35
ActiveSyms: 36
ActiveSyms: 35
ActiveSyms: 36
ActiveSyms: 36
ActiveSyms: 36
ActiveSyms: 36
ActiveSyms: 36
ActiveSyms: 36
ActiveSyms: 36
ActiveSyms: 36
ActiveSyms: 37
ActiveSyms: 36
ActiveSyms: 35
ActiveSyms: 35
ActiveSyms: 35
ActiveSyms: 36
ActiveSyms: 36
ActiveSyms: 36
ActiveSyms: 35
ActiveSyms: 36
ActiveSyms: 35
ActiveSyms: 36
ActiveSyms: 37
ActiveSyms: 37
ActiveSyms: 37
ActiveSyms: 36
ActiveSyms: 37
ActiveSyms: 37
ActiveSyms: 38
ActiveSyms: 37
ActiveSyms: 37
ActiveSyms: 38
ActiveSyms: 37
ActiveSyms: 38
ActiveSyms: 38
ActiveSyms: 38
ActiveSyms: 37
ActiveSyms: 37
ActiveSyms: 37
ActiveSyms: 37
ActiveSyms: 36
ActiveSyms: 37
ActiveSyms: 37
ActiveSyms: 37
ActiveSyms: 37
ActiveSyms: 38
ActiveSyms: 37
ActiveSyms: 38
ActiveSyms: 37
ActiveSyms: 38
ActiveSyms: 38
ActiveSyms: 38
ActiveSyms: 37
ActiveSyms: 37
ActiveSyms: 37
ActiveSyms: 37
ActiveSyms: 37
ActiveSyms: 38
ActiveSyms: 37
ActiveSyms: 36
ActiveSyms: 36
ActiveSyms: 36
ActiveSyms: 36
ActiveSyms: 36
ActiveSyms: 35
ActiveSyms: 36
ActiveSyms: 36
ActiveSyms: 36
ActiveSyms: 36
ActiveSyms: 35
ActiveSyms: 34
ActiveSyms: 35
ActiveSyms: 35
ActiveSyms: 36
ActiveSyms: 36
ActiveSyms: 36
ActiveSyms: 36
ActiveSyms: 35
ActiveSyms: 36
ActiveSyms: 36
ActiveSyms: 36
ActiveSyms: 35
ActiveSyms: 34
ActiveSyms: 35
ActiveSyms: 34
ActiveSyms: 35
ActiveSyms: 34
ActiveSyms: 37
ActiveSyms: 38
ActiveSyms: 37
ActiveSyms: 38
ActiveSyms: 37
ActiveSyms: 37
ActiveSyms: 36
ActiveSyms: 36
ActiveSyms: 36
ActiveSyms: 35
ActiveSyms: 36
ActiveSyms: 35
ActiveSyms: 35
ActiveSyms: 34
ActiveSyms: 35
ActiveSyms: 37
ActiveSyms: 38
ActiveSyms: 37
ActiveSyms: 38
ActiveSyms: 37
ActiveSyms: 37
ActiveSyms: 36
ActiveSyms: 37
ActiveSyms: 36
ActiveSyms: 37
ActiveSyms: 37
ActiveSyms: 38
ActiveSyms: 37
ActiveSyms: 37
ActiveSyms: 37
ActiveSyms: 37
ActiveSyms: 36
ActiveSyms: 37
ActiveSyms: 37
ActiveSyms: 37
ActiveSyms: 36
ActiveSyms: 37
ActiveSyms: 37
ActiveSyms: 38
ActiveSyms: 37
ActiveSyms: 36
ActiveSyms: 36
ActiveSyms: 37
ActiveSyms: 36
ActiveSyms: 36
ActiveSyms: 36
ActiveSyms: 36
ActiveSyms: 36
ActiveSyms: 36
ActiveSyms: 36
ActiveSyms: 36
ActiveSyms: 37
ActiveSyms: 37
ActiveSyms: 37
ActiveSyms: 37
ActiveSyms: 37
ActiveSyms: 36
ActiveSyms: 35
ActiveSyms: 36
ActiveSyms: 36
ActiveSyms: 36
ActiveSyms: 36
ActiveSyms: 36
ActiveSyms: 36
ActiveSyms: 36
ActiveSyms: 37
ActiveSyms: 36
ActiveSyms: 36
ActiveSyms: 36
ActiveSyms: 36
ActiveSyms: 36
ActiveSyms: 36
ActiveSyms: 36
ActiveSyms: 36
ActiveSyms: 36
ActiveSyms: 36
ActiveSyms: 36
ActiveSyms: 36
ActiveSyms: 36
ActiveSyms: 35
ActiveSyms: 36
ActiveSyms: 36
ActiveSyms: 36
ActiveSyms: 35
ActiveSyms: 35
ActiveSyms: 35
ActiveSyms: 35
ActiveSyms: 35
ActiveSyms: 35
ActiveSyms: 35
ActiveSyms: 35
ActiveSyms: 35
ActiveSyms: 35
ActiveSyms: 35
ActiveSyms: 36
ActiveSyms: 36
ActiveSyms: 36
ActiveSyms: 36
ActiveSyms: 36
ActiveSyms: 36
ActiveSyms: 36
ActiveSyms: 36
ActiveSyms: 36
ActiveSyms: 36
ActiveSyms: 36
ActiveSyms: 36
ActiveSyms: 57
ActiveSyms: 53
ActiveSyms: 51
ActiveSyms: 49
ActiveSyms: 49
ActiveSyms: 48
ActiveSyms: 48
ActiveSyms: 47
ActiveSyms: 45
ActiveSyms: 43
ActiveSyms: 42
ActiveSyms: 41
ActiveSyms: 41
ActiveSyms: 41
ActiveSyms: 39
ActiveSyms: 37
ActiveSyms: 37
ActiveSyms: 39
ActiveSyms: 39
ActiveSyms: 41
ActiveSyms: 41
ActiveSyms: 41
ActiveSyms: 40
ActiveSyms: 41
ActiveSyms: 39
ActiveSyms: 38
ActiveSyms: 38
ActiveSyms: 38
ActiveSyms: 39
ActiveSyms: 39
ActiveSyms: 39
ActiveSyms: 39
ActiveSyms: 39
ActiveSyms: 39
ActiveSyms: 39
ActiveSyms: 38
ActiveSyms: 37
ActiveSyms: 37
ActiveSyms: 37
ActiveSyms: 37
ActiveSyms: 36
ActiveSyms: 37
ActiveSyms: 37
ActiveSyms: 36
ActiveSyms: 36
ActiveSyms: 36
ActiveSyms: 36
ActiveSyms: 35
ActiveSyms: 35
ActiveSyms: 35
ActiveSyms: 35
ActiveSyms: 35
ActiveSyms: 34
ActiveSyms: 34
ActiveSyms: 34
ActiveSyms: 34
ActiveSyms: 34
ActiveSyms: 35
ActiveSyms: 35
ActiveSyms: 35
ActiveSyms: 34
ActiveSyms: 34
ActiveSyms: 34
ActiveSyms: 34
ActiveSyms: 34
ActiveSyms: 34
ActiveSyms: 34
ActiveSyms: 35
ActiveSyms: 35
ActiveSyms: 35
ActiveSyms: 35
ActiveSyms: 34
ActiveSyms: 33
ActiveSyms: 33
ActiveSyms: 34
ActiveSyms: 34
ActiveSyms: 35
ActiveSyms: 36
ActiveSyms: 34
ActiveSyms: 35
ActiveSyms: 35
ActiveSyms: 34
ActiveSyms: 35
ActiveSyms: 34
ActiveSyms: 34
ActiveSyms: 34
ActiveSyms: 34
ActiveSyms: 33
ActiveSyms: 34
ActiveSyms: 34
ActiveSyms: 33
ActiveSyms: 33
ActiveSyms: 33
ActiveSyms: 33
ActiveSyms: 33
ActiveSyms: 33
ActiveSyms: 33
ActiveSyms: 33
ActiveSyms: 34
ActiveSyms: 34
ActiveSyms: 34
ActiveSyms: 34
ActiveSyms: 34
ActiveSyms: 34
ActiveSyms: 34
ActiveSyms: 34
ActiveSyms: 34
ActiveSyms: 34
ActiveSyms: 34
ActiveSyms: 34
ActiveSyms: 34
ActiveSyms: 34
ActiveSyms: 34
ActiveSyms: 34
ActiveSyms: 34
ActiveSyms: 34
ActiveSyms: 34
ActiveSyms: 34
ActiveSyms: 34
ActiveSyms: 34
ActiveSyms: 34
ActiveSyms: 34
ActiveSyms: 34
ActiveSyms: 34
ActiveSyms: 34
ActiveSyms: 34
ActiveSyms: 35
ActiveSyms: 35
ActiveSyms: 35
ActiveSyms: 35
ActiveSyms: 34
ActiveSyms: 34
ActiveSyms: 34
ActiveSyms: 34
ActiveSyms: 34
ActiveSyms: 34
ActiveSyms: 33
ActiveSyms: 34
ActiveSyms: 34
ActiveSyms: 35
ActiveSyms: 35
ActiveSyms: 35
ActiveSyms: 35
ActiveSyms: 35
ActiveSyms: 34
ActiveSyms: 35
ActiveSyms: 35
ActiveSyms: 35
ActiveSyms: 35
ActiveSyms: 35
ActiveSyms: 35
ActiveSyms: 35
ActiveSyms: 34
ActiveSyms: 34
ActiveSyms: 34
ActiveSyms: 34
ActiveSyms: 34
ActiveSyms: 34
ActiveSyms: 34
ActiveSyms: 34
ActiveSyms: 34
ActiveSyms: 34
ActiveSyms: 35
ActiveSyms: 35
ActiveSyms: 35
ActiveSyms: 36
ActiveSyms: 36
ActiveSyms: 36
ActiveSyms: 36
ActiveSyms: 36
ActiveSyms: 35
ActiveSyms: 35
ActiveSyms: 35
ActiveSyms: 35
ActiveSyms: 35
ActiveSyms: 35
ActiveSyms: 35
ActiveSyms: 36
ActiveSyms: 36
ActiveSyms: 35
ActiveSyms: 36
ActiveSyms: 36
ActiveSyms: 37
ActiveSyms: 36
ActiveSyms: 36
ActiveSyms: 36
ActiveSyms: 36
ActiveSyms: 36
ActiveSyms: 36
ActiveSyms: 35
ActiveSyms: 36
ActiveSyms: 36
ActiveSyms: 35
ActiveSyms: 35
ActiveSyms: 35
ActiveSyms: 35
ActiveSyms: 35
ActiveSyms: 35
ActiveSyms: 35
ActiveSyms: 35
ActiveSyms: 35
ActiveSyms: 34
ActiveSyms: 35
ActiveSyms: 35
ActiveSyms: 35
ActiveSyms: 35
ActiveSyms: 35
ActiveSyms: 35
ActiveSyms: 35
ActiveSyms: 35
ActiveSyms: 35
ActiveSyms: 35
ActiveSyms: 36
ActiveSyms: 36
ActiveSyms: 36
ActiveSyms: 36
ActiveSyms: 36
ActiveSyms: 35
ActiveSyms: 36
ActiveSyms: 36
|       475 |     400     3840     8000 |     1703      771     47 |  0.001 % |
ActiveSyms: 36
ActiveSyms: 35
ActiveSyms: 35
ActiveSyms: 35
ActiveSyms: 38
ActiveSyms: 37
ActiveSyms: 37
ActiveSyms: 37
ActiveSyms: 36
ActiveSyms: 37
ActiveSyms: 36
ActiveSyms: 37
ActiveSyms: 38
ActiveSyms: 38
ActiveSyms: 35
ActiveSyms: 36
ActiveSyms: 36
ActiveSyms: 36
ActiveSyms: 35
ActiveSyms: 35
ActiveSyms: 35
ActiveSyms: 35
ActiveSyms: 35
ActiveSyms: 35
ActiveSyms: 35
ActiveSyms: 35
ActiveSyms: 34
ActiveSyms: 34
ActiveSyms: 34
ActiveSyms: 34
ActiveSyms: 34
ActiveSyms: 34
ActiveSyms: 34
ActiveSyms: 34
ActiveSyms: 34
ActiveSyms: 34
ActiveSyms: 34
ActiveSyms: 34
ActiveSyms: 35
ActiveSyms: 35
ActiveSyms: 35
ActiveSyms: 35
ActiveSyms: 35
ActiveSyms: 35
ActiveSyms: 35
ActiveSyms: 35
ActiveSyms: 35
ActiveSyms: 35
ActiveSyms: 36
ActiveSyms: 36
ActiveSyms: 36
ActiveSyms: 36
ActiveSyms: 35
ActiveSyms: 35
ActiveSyms: 35
ActiveSyms: 34
ActiveSyms: 35
ActiveSyms: 35
ActiveSyms: 35
ActiveSyms: 36
ActiveSyms: 36
ActiveSyms: 36
ActiveSyms: 35
ActiveSyms: 35
ActiveSyms: 35
ActiveSyms: 34
ActiveSyms: 35
ActiveSyms: 35
ActiveSyms: 36
ActiveSyms: 57
ActiveSyms: 52
ActiveSyms: 51
ActiveSyms: 51
ActiveSyms: 51
ActiveSyms: 51
ActiveSyms: 49
ActiveSyms: 47
ActiveSyms: 45
ActiveSyms: 45
ActiveSyms: 45
ActiveSyms: 46
ActiveSyms: 45
ActiveSyms: 45
ActiveSyms: 45
ActiveSyms: 43
ActiveSyms: 43
ActiveSyms: 43
ActiveSyms: 42
ActiveSyms: 41
ActiveSyms: 40
ActiveSyms: 40
ActiveSyms: 39
ActiveSyms: 39
ActiveSyms: 38
ActiveSyms: 37
ActiveSyms: 37
ActiveSyms: 37
ActiveSyms: 36
ActiveSyms: 36
ActiveSyms: 35
ActiveSyms: 35
ActiveSyms: 35
ActiveSyms: 35
ActiveSyms: 35
ActiveSyms: 35
ActiveSyms: 35
ActiveSyms: 34
ActiveSyms: 35
ActiveSyms: 34
ActiveSyms: 34
ActiveSyms: 33
ActiveSyms: 33
ActiveSyms: 31
ActiveSyms: 31
ActiveSyms: 31
ActiveSyms: 32
ActiveSyms: 32
ActiveSyms: 32
ActiveSyms: 32
ActiveSyms: 32
ActiveSyms: 32
ActiveSyms: 33
ActiveSyms: 33
ActiveSyms: 33
ActiveSyms: 33
ActiveSyms: 33
ActiveSyms: 33
ActiveSyms: 33
ActiveSyms: 33
ActiveSyms: 33
ActiveSyms: 33
ActiveSyms: 33
ActiveSyms: 33
ActiveSyms: 31
ActiveSyms: 31
ActiveSyms: 31
ActiveSyms: 31
ActiveSyms: 31
ActiveSyms: 31
ActiveSyms: 31
ActiveSyms: 31
ActiveSyms: 31
ActiveSyms: 31
ActiveSyms: 31
ActiveSyms: 31
ActiveSyms: 31
ActiveSyms: 31
ActiveSyms: 31
ActiveSyms: 31
ActiveSyms: 31
ActiveSyms: 31
ActiveSyms: 31
ActiveSyms: 35
ActiveSyms: 35
ActiveSyms: 34
ActiveSyms: 35
ActiveSyms: 35
ActiveSyms: 35
ActiveSyms: 35
ActiveSyms: 34
ActiveSyms: 34
ActiveSyms: 34
ActiveSyms: 33
ActiveSyms: 33
ActiveSyms: 33
ActiveSyms: 33
ActiveSyms: 31
ActiveSyms: 31
ActiveSyms: 31
ActiveSyms: 31
ActiveSyms: 31
ActiveSyms: 31
ActiveSyms: 31
ActiveSyms: 31
ActiveSyms: 31
ActiveSyms: 33
ActiveSyms: 33
ActiveSyms: 33
ActiveSyms: 33
ActiveSyms: 33
ActiveSyms: 33
ActiveSyms: 33
ActiveSyms: 33
ActiveSyms: 33
ActiveSyms: 33
ActiveSyms: 34
ActiveSyms: 34
ActiveSyms: 34
ActiveSyms: 33
ActiveSyms: 34
ActiveSyms: 33
ActiveSyms: 33
ActiveSyms: 33
ActiveSyms: 33
ActiveSyms: 34
ActiveSyms: 34
ActiveSyms: 34
ActiveSyms: 33
ActiveSyms: 34
ActiveSyms: 34
ActiveSyms: 33
ActiveSyms: 33
ActiveSyms: 32
ActiveSyms: 32
ActiveSyms: 32
ActiveSyms: 32
ActiveSyms: 33
ActiveSyms: 33
ActiveSyms: 33
ActiveSyms: 32
ActiveSyms: 32
ActiveSyms: 33
ActiveSyms: 32
ActiveSyms: 33
ActiveSyms: 33
ActiveSyms: 34
ActiveSyms: 35
ActiveSyms: 35
ActiveSyms: 34
ActiveSyms: 34
ActiveSyms: 34
ActiveSyms: 35
ActiveSyms: 34
ActiveSyms: 34
ActiveSyms: 34
ActiveSyms: 33
ActiveSyms: 33
ActiveSyms: 33
ActiveSyms: 33
ActiveSyms: 32
ActiveSyms: 33
ActiveSyms: 32
ActiveSyms: 32
ActiveSyms: 32
ActiveSyms: 32
ActiveSyms: 32
ActiveSyms: 32
ActiveSyms: 32
ActiveSyms: 32
ActiveSyms: 32
ActiveSyms: 32
ActiveSyms: 32
ActiveSyms: 32
ActiveSyms: 32
ActiveSyms: 32
ActiveSyms: 32
ActiveSyms: 32
ActiveSyms: 32
ActiveSyms: 33
ActiveSyms: 35
ActiveSyms: 35
ActiveSyms: 35
ActiveSyms: 35
ActiveSyms: 35
ActiveSyms: 35
ActiveSyms: 35
ActiveSyms: 34
ActiveSyms: 34
ActiveSyms: 33
ActiveSyms: 33
ActiveSyms: 33
ActiveSyms: 33
ActiveSyms: 32
ActiveSyms: 33
ActiveSyms: 34
ActiveSyms: 34
ActiveSyms: 34
ActiveSyms: 33
ActiveSyms: 33
ActiveSyms: 34
ActiveSyms: 33
ActiveSyms: 33
ActiveSyms: 33
ActiveSyms: 34
ActiveSyms: 33
ActiveSyms: 33
ActiveSyms: 33
ActiveSyms: 33
ActiveSyms: 33
ActiveSyms: 33
ActiveSyms: 33
ActiveSyms: 33
ActiveSyms: 33
ActiveSyms: 33
ActiveSyms: 33
ActiveSyms: 33
ActiveSyms: 33
ActiveSyms: 33
ActiveSyms: 33
ActiveSyms: 34
ActiveSyms: 34
ActiveSyms: 34
ActiveSyms: 34
ActiveSyms: 34
ActiveSyms: 34
ActiveSyms: 34
ActiveSyms: 34
ActiveSyms: 34
ActiveSyms: 36
ActiveSyms: 34
ActiveSyms: 34
ActiveSyms: 35
ActiveSyms: 36
ActiveSyms: 35
ActiveSyms: 34
ActiveSyms: 34
ActiveSyms: 34
ActiveSyms: 34
ActiveSyms: 34
ActiveSyms: 35
ActiveSyms: 35
ActiveSyms: 36
ActiveSyms: 36
ActiveSyms: 36
ActiveSyms: 36
ActiveSyms: 36
ActiveSyms: 36
ActiveSyms: 36
ActiveSyms: 36
ActiveSyms: 36
ActiveSyms: 35
ActiveSyms: 36
ActiveSyms: 36
ActiveSyms: 36
ActiveSyms: 35
ActiveSyms: 36
ActiveSyms: 35
ActiveSyms: 36
ActiveSyms: 36
ActiveSyms: 36
ActiveSyms: 36
ActiveSyms: 36
ActiveSyms: 36
ActiveSyms: 35
ActiveSyms: 36
ActiveSyms: 36
ActiveSyms: 37
ActiveSyms: 36
ActiveSyms: 36
ActiveSyms: 36
ActiveSyms: 36
ActiveSyms: 36
ActiveSyms: 36
ActiveSyms: 36
ActiveSyms: 35
ActiveSyms: 35
ActiveSyms: 35
ActiveSyms: 35
ActiveSyms: 35
ActiveSyms: 36
ActiveSyms: 36
ActiveSyms: 35
ActiveSyms: 35
ActiveSyms: 35
ActiveSyms: 36
ActiveSyms: 36
ActiveSyms: 35
ActiveSyms: 35
ActiveSyms: 35
ActiveSyms: 35
ActiveSyms: 35
ActiveSyms: 35
ActiveSyms: 35
ActiveSyms: 35
ActiveSyms: 36
ActiveSyms: 36
ActiveSyms: 36
ActiveSyms: 36
ActiveSyms: 35
ActiveSyms: 35
ActiveSyms: 35
ActiveSyms: 35
ActiveSyms: 35
ActiveSyms: 35
ActiveSyms: 36
ActiveSyms: 35
ActiveSyms: 35
ActiveSyms: 35
ActiveSyms: 35
ActiveSyms: 35
ActiveSyms: 35
ActiveSyms: 35
ActiveSyms: 35
ActiveSyms: 35
ActiveSyms: 35
ActiveSyms: 36
ActiveSyms: 35
ActiveSyms: 35
ActiveSyms: 35
ActiveSyms: 35
ActiveSyms: 35
ActiveSyms: 35
ActiveSyms: 35
ActiveSyms: 35
ActiveSyms: 35
ActiveSyms: 36
ActiveSyms: 35
ActiveSyms: 35
ActiveSyms: 35
ActiveSyms: 34
ActiveSyms: 57
ActiveSyms: 51
ActiveSyms: 49
ActiveSyms: 48
ActiveSyms: 48
ActiveSyms: 47
ActiveSyms: 45
ActiveSyms: 45
ActiveSyms: 44
ActiveSyms: 44
ActiveSyms: 44
ActiveSyms: 45
ActiveSyms: 45
ActiveSyms: 43
ActiveSyms: 41
ActiveSyms: 41
ActiveSyms: 40
ActiveSyms: 41
ActiveSyms: 41
ActiveSyms: 41
ActiveSyms: 41
ActiveSyms: 41
ActiveSyms: 41
ActiveSyms: 40
ActiveSyms: 41
ActiveSyms: 41
ActiveSyms: 39
ActiveSyms: 39
ActiveSyms: 39
ActiveSyms: 39
ActiveSyms: 39
ActiveSyms: 38
ActiveSyms: 38
ActiveSyms: 38
ActiveSyms: 36
ActiveSyms: 35
ActiveSyms: 35
ActiveSyms: 34
ActiveSyms: 35
ActiveSyms: 34
ActiveSyms: 35
ActiveSyms: 35
ActiveSyms: 35
ActiveSyms: 36
ActiveSyms: 36
ActiveSyms: 35
ActiveSyms: 34
ActiveSyms: 33
ActiveSyms: 33
ActiveSyms: 33
ActiveSyms: 32
ActiveSyms: 31
ActiveSyms: 31
ActiveSyms: 32
ActiveSyms: 32
ActiveSyms: 31
ActiveSyms: 31
ActiveSyms: 36
ActiveSyms: 35
ActiveSyms: 34
ActiveSyms: 35
ActiveSyms: 34
ActiveSyms: 34
ActiveSyms: 34
ActiveSyms: 35
ActiveSyms: 34
ActiveSyms: 36
ActiveSyms: 37
ActiveSyms: 37
ActiveSyms: 36
ActiveSyms: 36
ActiveSyms: 36
ActiveSyms: 36
ActiveSyms: 36
ActiveSyms: 36
ActiveSyms: 36
ActiveSyms: 36
ActiveSyms: 37
ActiveSyms: 37
ActiveSyms: 35
ActiveSyms: 35
ActiveSyms: 36
ActiveSyms: 38
ActiveSyms: 38
ActiveSyms: 38
ActiveSyms: 37
ActiveSyms: 37
ActiveSyms: 36
ActiveSyms: 36
ActiveSyms: 36
ActiveSyms: 36
ActiveSyms: 36
ActiveSyms: 36
ActiveSyms: 36
ActiveSyms: 36
ActiveSyms: 36
ActiveSyms: 36
ActiveSyms: 36
ActiveSyms: 36
ActiveSyms: 36
ActiveSyms: 36
ActiveSyms: 36
ActiveSyms: 36
ActiveSyms: 36
ActiveSyms: 36
ActiveSyms: 36
ActiveSyms: 36
ActiveSyms: 36
ActiveSyms: 36
ActiveSyms: 36
ActiveSyms: 37
ActiveSyms: 37
ActiveSyms: 37
ActiveSyms: 37
ActiveSyms: 37
ActiveSyms: 37
ActiveSyms: 37
ActiveSyms: 37
ActiveSyms: 37
ActiveSyms: 36
ActiveSyms: 37
ActiveSyms: 37
ActiveSyms: 36
ActiveSyms: 37
ActiveSyms: 37
ActiveSyms: 36
ActiveSyms: 37
ActiveSyms: 37
ActiveSyms: 37
ActiveSyms: 38
ActiveSyms: 38
ActiveSyms: 37
ActiveSyms: 35
ActiveSyms: 38
ActiveSyms: 37
ActiveSyms: 37
ActiveSyms: 36
ActiveSyms: 37
ActiveSyms: 36
ActiveSyms: 38
ActiveSyms: 37
ActiveSyms: 38
ActiveSyms: 39
ActiveSyms: 39
ActiveSyms: 38
ActiveSyms: 37
ActiveSyms: 38
ActiveSyms: 38
ActiveSyms: 37
ActiveSyms: 38
ActiveSyms: 38
ActiveSyms: 38
ActiveSyms: 37
ActiveSyms: 38
ActiveSyms: 39
ActiveSyms: 39
ActiveSyms: 39
ActiveSyms: 39
ActiveSyms: 39
ActiveSyms: 38
ActiveSyms: 39
ActiveSyms: 39
ActiveSyms: 38
ActiveSyms: 38
ActiveSyms: 38
ActiveSyms: 38
ActiveSyms: 38
ActiveSyms: 38
ActiveSyms: 37
ActiveSyms: 38
ActiveSyms: 38
ActiveSyms: 37
ActiveSyms: 38
ActiveSyms: 39
ActiveSyms: 39
ActiveSyms: 41
ActiveSyms: 41
ActiveSyms: 40
ActiveSyms: 40
ActiveSyms: 39
ActiveSyms: 38
ActiveSyms: 37
ActiveSyms: 36
ActiveSyms: 34
ActiveSyms: 34
ActiveSyms: 34
ActiveSyms: 34
ActiveSyms: 33
ActiveSyms: 31
ActiveSyms: 31
ActiveSyms: 32
ActiveSyms: 32
ActiveSyms: 32
ActiveSyms: 34
ActiveSyms: 34
ActiveSyms: 34
ActiveSyms: 34
ActiveSyms: 36
ActiveSyms: 32
ActiveSyms: 34
ActiveSyms: 34
ActiveSyms: 33
ActiveSyms: 33
ActiveSyms: 33
ActiveSyms: 33
ActiveSyms: 33
ActiveSyms: 34
ActiveSyms: 32
ActiveSyms: 32
ActiveSyms: 32
ActiveSyms: 34
ActiveSyms: 34
ActiveSyms: 34
ActiveSyms: 34
ActiveSyms: 32
ActiveSyms: 32
ActiveSyms: 31
ActiveSyms: 33
ActiveSyms: 34
ActiveSyms: 34
ActiveSyms: 34
ActiveSyms: 34
ActiveSyms: 34
ActiveSyms: 33
ActiveSyms: 34
ActiveSyms: 34
ActiveSyms: 34
ActiveSyms: 34
ActiveSyms: 34
ActiveSyms: 34
ActiveSyms: 36
ActiveSyms: 37
ActiveSyms: 37
ActiveSyms: 37
ActiveSyms: 37
ActiveSyms: 36
ActiveSyms: 35
ActiveSyms: 35
ActiveSyms: 35
ActiveSyms: 35
ActiveSyms: 34
ActiveSyms: 33
ActiveSyms: 36
ActiveSyms: 36
ActiveSyms: 36
ActiveSyms: 35
ActiveSyms: 35
ActiveSyms: 36
ActiveSyms: 36
ActiveSyms: 35
ActiveSyms: 35
ActiveSyms: 36
ActiveSyms: 36
ActiveSyms: 37
ActiveSyms: 37
ActiveSyms: 36
ActiveSyms: 37
ActiveSyms: 36
ActiveSyms: 36
ActiveSyms: 35
ActiveSyms: 36
ActiveSyms: 36
ActiveSyms: 36
ActiveSyms: 36
ActiveSyms: 36
ActiveSyms: 36
ActiveSyms: 34
ActiveSyms: 35
ActiveSyms: 34
ActiveSyms: 35
ActiveSyms: 35
ActiveSyms: 35
ActiveSyms: 37
ActiveSyms: 38
ActiveSyms: 37
ActiveSyms: 38
ActiveSyms: 37
ActiveSyms: 36
ActiveSyms: 37
ActiveSyms: 35
ActiveSyms: 37
ActiveSyms: 38
ActiveSyms: 37
ActiveSyms: 37
ActiveSyms: 36
ActiveSyms: 36
ActiveSyms: 36
ActiveSyms: 36
ActiveSyms: 36
ActiveSyms: 36
ActiveSyms: 37
ActiveSyms: 37
ActiveSyms: 36
ActiveSyms: 37
ActiveSyms: 36
ActiveSyms: 37
ActiveSyms: 37
ActiveSyms: 36
ActiveSyms: 35
ActiveSyms: 37
ActiveSyms: 37
ActiveSyms: 36
ActiveSyms: 36
ActiveSyms: 36
ActiveSyms: 36
ActiveSyms: 37
ActiveSyms: 37
ActiveSyms: 37
ActiveSyms: 36
ActiveSyms: 36
ActiveSyms: 36
ActiveSyms: 36
ActiveSyms: 36
ActiveSyms: 36
ActiveSyms: 36
ActiveSyms: 37
ActiveSyms: 35
ActiveSyms: 35
ActiveSyms: 35
ActiveSyms: 35
ActiveSyms: 35
ActiveSyms: 35
ActiveSyms: 35
ActiveSyms: 36
ActiveSyms: 35
ActiveSyms: 35
ActiveSyms: 35
ActiveSyms: 35
ActiveSyms: 34
ActiveSyms: 36
ActiveSyms: 36
ActiveSyms: 36
ActiveSyms: 36
ActiveSyms: 37
ActiveSyms: 37
ActiveSyms: 37
ActiveSyms: 37
ActiveSyms: 38
ActiveSyms: 37
ActiveSyms: 36
ActiveSyms: 37
ActiveSyms: 37
ActiveSyms: 37
ActiveSyms: 35
ActiveSyms: 35
ActiveSyms: 35
ActiveSyms: 34
ActiveSyms: 34
ActiveSyms: 34
ActiveSyms: 34
ActiveSyms: 36
ActiveSyms: 37
ActiveSyms: 37
ActiveSyms: 36
ActiveSyms: 37
ActiveSyms: 37
ActiveSyms: 34
ActiveSyms: 35
ActiveSyms: 35
ActiveSyms: 36
ActiveSyms: 37
ActiveSyms: 37
ActiveSyms: 38
ActiveSyms: 38
ActiveSyms: 37
ActiveSyms: 38
ActiveSyms: 37
ActiveSyms: 37
ActiveSyms: 37
ActiveSyms: 36
ActiveSyms: 37
ActiveSyms: 37
ActiveSyms: 37
ActiveSyms: 36
ActiveSyms: 37
ActiveSyms: 37
ActiveSyms: 35
ActiveSyms: 36
ActiveSyms: 35
ActiveSyms: 36
ActiveSyms: 37
ActiveSyms: 37
ActiveSyms: 38
ActiveSyms: 37
ActiveSyms: 36
ActiveSyms: 36
ActiveSyms: 36
ActiveSyms: 37
ActiveSyms: 37
ActiveSyms: 37
ActiveSyms: 38
ActiveSyms: 36
ActiveSyms: 36
ActiveSyms: 36
ActiveSyms: 37
ActiveSyms: 38
ActiveSyms: 38
ActiveSyms: 38
ActiveSyms: 38
ActiveSyms: 37
ActiveSyms: 37
ActiveSyms: 37
ActiveSyms: 37
ActiveSyms: 36
ActiveSyms: 37
ActiveSyms: 37
ActiveSyms: 37
ActiveSyms: 37
ActiveSyms: 36
ActiveSyms: 37
ActiveSyms: 37
ActiveSyms: 36
ActiveSyms: 38
ActiveSyms: 38
ActiveSyms: 39
ActiveSyms: 40
ActiveSyms: 40
ActiveSyms: 40
ActiveSyms: 40
ActiveSyms: 41
ActiveSyms: 41
ActiveSyms: 40
ActiveSyms: 39
ActiveSyms: 37
ActiveSyms: 36
ActiveSyms: 38
ActiveSyms: 37
ActiveSyms: 37
ActiveSyms: 36
ActiveSyms: 37
ActiveSyms: 38
ActiveSyms: 39
ActiveSyms: 37
ActiveSyms: 39
ActiveSyms: 41
ActiveSyms: 41
ActiveSyms: 40
ActiveSyms: 40
ActiveSyms: 40
ActiveSyms: 39
ActiveSyms: 38
ActiveSyms: 39
ActiveSyms: 38
ActiveSyms: 38
ActiveSyms: 38
ActiveSyms: 37
ActiveSyms: 37
ActiveSyms: 36
ActiveSyms: 35
ActiveSyms: 37
ActiveSyms: 37
ActiveSyms: 38
ActiveSyms: 39
ActiveSyms: 38
ActiveSyms: 37
ActiveSyms: 37
ActiveSyms: 36
ActiveSyms: 36
ActiveSyms: 35
ActiveSyms: 37
ActiveSyms: 39
ActiveSyms: 40
ActiveSyms: 41
ActiveSyms: 40
ActiveSyms: 40
ActiveSyms: 38
ActiveSyms: 40
ActiveSyms: 39
ActiveSyms: 39
ActiveSyms: 38
ActiveSyms: 39
ActiveSyms: 38
ActiveSyms: 39
ActiveSyms: 39
ActiveSyms: 38
ActiveSyms: 39
ActiveSyms: 38
ActiveSyms: 37
ActiveSyms: 36
ActiveSyms: 36
ActiveSyms: 36
ActiveSyms: 36
ActiveSyms: 37
ActiveSyms: 37
ActiveSyms: 37
ActiveSyms: 39
ActiveSyms: 38
ActiveSyms: 37
ActiveSyms: 37
ActiveSyms: 37
ActiveSyms: 37
ActiveSyms: 39
ActiveSyms: 38
ActiveSyms: 37
ActiveSyms: 39
ActiveSyms: 40
ActiveSyms: 39
ActiveSyms: 40
ActiveSyms: 38
ActiveSyms: 39
ActiveSyms: 38
ActiveSyms: 38
ActiveSyms: 37
ActiveSyms: 36
ActiveSyms: 36
ActiveSyms: 36
ActiveSyms: 36
ActiveSyms: 35
ActiveSyms: 36
ActiveSyms: 36
ActiveSyms: 35
ActiveSyms: 36
ActiveSyms: 35
ActiveSyms: 36
ActiveSyms: 36
ActiveSyms: 37
ActiveSyms: 36
ActiveSyms: 36
ActiveSyms: 38
ActiveSyms: 39
ActiveSyms: 40
ActiveSyms: 40
ActiveSyms: 41
ActiveSyms: 40
ActiveSyms: 40
ActiveSyms: 39
ActiveSyms: 39
ActiveSyms: 38
ActiveSyms: 40
ActiveSyms: 40
ActiveSyms: 40
ActiveSyms: 40
ActiveSyms: 40
ActiveSyms: 39
ActiveSyms: 38
ActiveSyms: 39
ActiveSyms: 39
ActiveSyms: 38
ActiveSyms: 37
ActiveSyms: 36
ActiveSyms: 36
ActiveSyms: 36
ActiveSyms: 37
ActiveSyms: 37
ActiveSyms: 37
ActiveSyms: 37
ActiveSyms: 36
ActiveSyms: 37
ActiveSyms: 37
ActiveSyms: 38
ActiveSyms: 38
ActiveSyms: 39
ActiveSyms: 40
ActiveSyms: 40
ActiveSyms: 40
ActiveSyms: 39
ActiveSyms: 57
ActiveSyms: 52
ActiveSyms: 50
ActiveSyms: 50
ActiveSyms: 50
ActiveSyms: 50
ActiveSyms: 50
ActiveSyms: 49
ActiveSyms: 48
ActiveSyms: 46
ActiveSyms: 45
ActiveSyms: 44
ActiveSyms: 42
ActiveSyms: 41
ActiveSyms: 39
ActiveSyms: 39
ActiveSyms: 39
ActiveSyms: 38
ActiveSyms: 38
ActiveSyms: 38
ActiveSyms: 37
ActiveSyms: 38
ActiveSyms: 38
ActiveSyms: 38
ActiveSyms: 37
ActiveSyms: 36
ActiveSyms: 36
ActiveSyms: 37
ActiveSyms: 37
ActiveSyms: 37
ActiveSyms: 37
ActiveSyms: 37
ActiveSyms: 37
ActiveSyms: 36
ActiveSyms: 36
ActiveSyms: 37
ActiveSyms: 38
ActiveSyms: 38
ActiveSyms: 38
ActiveSyms: 37
ActiveSyms: 38
ActiveSyms: 36
ActiveSyms: 37
ActiveSyms: 38
ActiveSyms: 37
ActiveSyms: 37
|       812 |     400     3840     8000 |     1874     1552     43 |  0.001 % |
ActiveSyms: 37
ActiveSyms: 36
ActiveSyms: 36
ActiveSyms: 35
ActiveSyms: 34
ActiveSyms: 34
ActiveSyms: 36
ActiveSyms: 35
ActiveSyms: 36
ActiveSyms: 36
ActiveSyms: 38
ActiveSyms: 38
ActiveSyms: 38
ActiveSyms: 39
ActiveSyms: 38
ActiveSyms: 37
ActiveSyms: 37
ActiveSyms: 36
ActiveSyms: 37
ActiveSyms: 37
ActiveSyms: 36
ActiveSyms: 37
ActiveSyms: 36
ActiveSyms: 36
ActiveSyms: 36
ActiveSyms: 37
ActiveSyms: 36
ActiveSyms: 36
ActiveSyms: 36
ActiveSyms: 38
ActiveSyms: 38
ActiveSyms: 37
ActiveSyms: 38
ActiveSyms: 38
ActiveSyms: 38
ActiveSyms: 37
ActiveSyms: 38
ActiveSyms: 37
ActiveSyms: 38
ActiveSyms: 39
ActiveSyms: 38
ActiveSyms: 37
ActiveSyms: 36
ActiveSyms: 37
ActiveSyms: 38
ActiveSyms: 37
ActiveSyms: 39
ActiveSyms: 39
ActiveSyms: 38
ActiveSyms: 37
ActiveSyms: 36
ActiveSyms: 36
ActiveSyms: 34
ActiveSyms: 34
ActiveSyms: 34
ActiveSyms: 33
ActiveSyms: 32
ActiveSyms: 33
ActiveSyms: 35
ActiveSyms: 34
ActiveSyms: 38
ActiveSyms: 37
ActiveSyms: 38
ActiveSyms: 37
ActiveSyms: 36
ActiveSyms: 37
ActiveSyms: 38
ActiveSyms: 38
ActiveSyms: 37
ActiveSyms: 36
ActiveSyms: 37
ActiveSyms: 36
ActiveSyms: 36
ActiveSyms: 36
ActiveSyms: 35
ActiveSyms: 35
ActiveSyms: 34
ActiveSyms: 35
ActiveSyms: 35
ActiveSyms: 36
ActiveSyms: 36
ActiveSyms: 36
ActiveSyms: 37
ActiveSyms: 37
ActiveSyms: 37
ActiveSyms: 37
ActiveSyms: 36
ActiveSyms: 36
ActiveSyms: 37
ActiveSyms: 37
ActiveSyms: 38
ActiveSyms: 38
ActiveSyms: 38
ActiveSyms: 38
ActiveSyms: 37
ActiveSyms: 37
ActiveSyms: 37
ActiveSyms: 37
ActiveSyms: 36
ActiveSyms: 37
ActiveSyms: 37
ActiveSyms: 38
ActiveSyms: 37
ActiveSyms: 38
ActiveSyms: 38
ActiveSyms: 37
ActiveSyms: 38
ActiveSyms: 38
ActiveSyms: 38
ActiveSyms: 38
ActiveSyms: 37
ActiveSyms: 39
ActiveSyms: 38
ActiveSyms: 37
ActiveSyms: 36
ActiveSyms: 36
ActiveSyms: 37
ActiveSyms: 38
ActiveSyms: 36
ActiveSyms: 37
ActiveSyms: 36
ActiveSyms: 37
ActiveSyms: 38
ActiveSyms: 37
ActiveSyms: 39
ActiveSyms: 39
ActiveSyms: 38
ActiveSyms: 37
ActiveSyms: 38
ActiveSyms: 37
ActiveSyms: 36
ActiveSyms: 39
ActiveSyms: 39
ActiveSyms: 37
ActiveSyms: 38
ActiveSyms: 38
ActiveSyms: 38
ActiveSyms: 38
ActiveSyms: 38
ActiveSyms: 38
ActiveSyms: 38
ActiveSyms: 39
ActiveSyms: 38
ActiveSyms: 38
ActiveSyms: 37
ActiveSyms: 38
ActiveSyms: 37
ActiveSyms: 36
ActiveSyms: 35
ActiveSyms: 36
ActiveSyms: 39
ActiveSyms: 38
ActiveSyms: 37
ActiveSyms: 36
ActiveSyms: 37
ActiveSyms: 36
ActiveSyms: 37
ActiveSyms: 36
ActiveSyms: 37
ActiveSyms: 35
ActiveSyms: 37
ActiveSyms: 38
ActiveSyms: 38
ActiveSyms: 39
ActiveSyms: 38
ActiveSyms: 38
ActiveSyms: 39
ActiveSyms: 38
ActiveSyms: 40
ActiveSyms: 37
ActiveSyms: 38
ActiveSyms: 37
ActiveSyms: 39
ActiveSyms: 39
ActiveSyms: 39
ActiveSyms: 39
ActiveSyms: 39
ActiveSyms: 39
ActiveSyms: 37
ActiveSyms: 38
ActiveSyms: 39
ActiveSyms: 39
ActiveSyms: 39
ActiveSyms: 39
ActiveSyms: 39
ActiveSyms: 39
ActiveSyms: 37
ActiveSyms: 37
ActiveSyms: 37
ActiveSyms: 36
ActiveSyms: 37
ActiveSyms: 37
ActiveSyms: 37
ActiveSyms: 36
ActiveSyms: 40
ActiveSyms: 38
ActiveSyms: 38
ActiveSyms: 37
ActiveSyms: 36
ActiveSyms: 37
ActiveSyms: 40
ActiveSyms: 41
ActiveSyms: 37
ActiveSyms: 38
ActiveSyms: 38
ActiveSyms: 40
ActiveSyms: 39
ActiveSyms: 39
ActiveSyms: 39
ActiveSyms: 39
ActiveSyms: 39
ActiveSyms: 39
ActiveSyms: 39
ActiveSyms: 39
ActiveSyms: 40
ActiveSyms: 38
ActiveSyms: 40
ActiveSyms: 39
ActiveSyms: 38
ActiveSyms: 37
ActiveSyms: 38
ActiveSyms: 37
ActiveSyms: 37
ActiveSyms: 38
ActiveSyms: 36
ActiveSyms: 38
ActiveSyms: 39
ActiveSyms: 40
ActiveSyms: 39
ActiveSyms: 39
ActiveSyms: 39
ActiveSyms: 39
ActiveSyms: 39
ActiveSyms: 40
ActiveSyms: 38
ActiveSyms: 37
ActiveSyms: 39
ActiveSyms: 40
ActiveSyms: 40
ActiveSyms: 39
ActiveSyms: 40
ActiveSyms: 39
ActiveSyms: 39
ActiveSyms: 38
ActiveSyms: 37
ActiveSyms: 39
ActiveSyms: 39
ActiveSyms: 40
ActiveSyms: 37
ActiveSyms: 37
ActiveSyms: 38
ActiveSyms: 36
ActiveSyms: 37
ActiveSyms: 38
ActiveSyms: 38
ActiveSyms: 39
ActiveSyms: 38
ActiveSyms: 39
ActiveSyms: 39
ActiveSyms: 39
ActiveSyms: 39
ActiveSyms: 40
ActiveSyms: 39
ActiveSyms: 39
ActiveSyms: 38
ActiveSyms: 39
ActiveSyms: 39
ActiveSyms: 39
ActiveSyms: 38
ActiveSyms: 37
ActiveSyms: 37
ActiveSyms: 38
ActiveSyms: 39
ActiveSyms: 39
ActiveSyms: 39
ActiveSyms: 39
ActiveSyms: 39
ActiveSyms: 39
ActiveSyms: 40
ActiveSyms: 39
ActiveSyms: 39
ActiveSyms: 40
ActiveSyms: 39
ActiveSyms: 40
ActiveSyms: 38
ActiveSyms: 37
ActiveSyms: 37
ActiveSyms: 36
ActiveSyms: 36
ActiveSyms: 36
ActiveSyms: 36
ActiveSyms: 36
ActiveSyms: 37
ActiveSyms: 37
ActiveSyms: 37
ActiveSyms: 36
ActiveSyms: 36
ActiveSyms: 36
ActiveSyms: 36
ActiveSyms: 36
ActiveSyms: 38
ActiveSyms: 37
ActiveSyms: 38
ActiveSyms: 39
ActiveSyms: 40
ActiveSyms: 40
ActiveSyms: 38
ActiveSyms: 38
ActiveSyms: 38
ActiveSyms: 39
ActiveSyms: 39
ActiveSyms: 40
ActiveSyms: 39
ActiveSyms: 40
ActiveSyms: 41
ActiveSyms: 42
ActiveSyms: 44
ActiveSyms: 45
ActiveSyms: 46
ActiveSyms: 49
ActiveSyms: 47
ActiveSyms: 45
ActiveSyms: 44
ActiveSyms: 43
ActiveSyms: 41
ActiveSyms: 41
ActiveSyms: 40
ActiveSyms: 42
ActiveSyms: 41
ActiveSyms: 40
ActiveSyms: 40
ActiveSyms: 40
ActiveSyms: 39
ActiveSyms: 41
ActiveSyms: 40
ActiveSyms: 39
ActiveSyms: 39
ActiveSyms: 38
ActiveSyms: 38
ActiveSyms: 40
ActiveSyms: 42
ActiveSyms: 43
ActiveSyms: 44
ActiveSyms: 44
ActiveSyms: 43
ActiveSyms: 41
ActiveSyms: 43
ActiveSyms: 44
ActiveSyms: 44
ActiveSyms: 44
ActiveSyms: 44
ActiveSyms: 45
ActiveSyms: 44
ActiveSyms: 43
ActiveSyms: 43
ActiveSyms: 42
ActiveSyms: 40
ActiveSyms: 40
ActiveSyms: 40
ActiveSyms: 39
ActiveSyms: 39
ActiveSyms: 39
ActiveSyms: 38
ActiveSyms: 39
ActiveSyms: 40
ActiveSyms: 40
ActiveSyms: 40
ActiveSyms: 43
ActiveSyms: 44
ActiveSyms: 45
ActiveSyms: 45
ActiveSyms: 45
ActiveSyms: 44
ActiveSyms: 43
ActiveSyms: 43
ActiveSyms: 43
ActiveSyms: 44
ActiveSyms: 45
ActiveSyms: 45
ActiveSyms: 44
ActiveSyms: 42
ActiveSyms: 42
ActiveSyms: 41
ActiveSyms: 42
ActiveSyms: 42
ActiveSyms: 42
ActiveSyms: 41
ActiveSyms: 42
ActiveSyms: 42
ActiveSyms: 44
ActiveSyms: 45
ActiveSyms: 45
ActiveSyms: 47
ActiveSyms: 46
ActiveSyms: 48
ActiveSyms: 49
ActiveSyms: 50
ActiveSyms: 48
ActiveSyms: 48
ActiveSyms: 48
ActiveSyms: 48
ActiveSyms: 46
ActiveSyms: 48
ActiveSyms: 48
ActiveSyms: 48
ActiveSyms: 50
ActiveSyms: 48
ActiveSyms: 48
ActiveSyms: 45
ActiveSyms: 44
ActiveSyms: 44
ActiveSyms: 43
ActiveSyms: 41
ActiveSyms: 41
ActiveSyms: 41
ActiveSyms: 40
ActiveSyms: 40
ActiveSyms: 40
ActiveSyms: 40
ActiveSyms: 40
ActiveSyms: 41
ActiveSyms: 40
ActiveSyms: 40
ActiveSyms: 41
ActiveSyms: 41
ActiveSyms: 41
ActiveSyms: 40
ActiveSyms: 40
ActiveSyms: 40
ActiveSyms: 39
ActiveSyms: 40
ActiveSyms: 42
ActiveSyms: 41
ActiveSyms: 40
ActiveSyms: 40
ActiveSyms: 39
ActiveSyms: 39
ActiveSyms: 38
ActiveSyms: 36
ActiveSyms: 36
ActiveSyms: 36
ActiveSyms: 36
ActiveSyms: 36
ActiveSyms: 36
ActiveSyms: 35
ActiveSyms: 34
ActiveSyms: 35
ActiveSyms: 34
ActiveSyms: 35
ActiveSyms: 34
ActiveSyms: 34
ActiveSyms: 34
ActiveSyms: 35
ActiveSyms: 34
ActiveSyms: 34
ActiveSyms: 35
ActiveSyms: 36
ActiveSyms: 36
ActiveSyms: 36
ActiveSyms: 36
ActiveSyms: 35
ActiveSyms: 34
ActiveSyms: 39
ActiveSyms: 39
ActiveSyms: 38
ActiveSyms: 38
ActiveSyms: 38
ActiveSyms: 38
ActiveSyms: 37
ActiveSyms: 37
ActiveSyms: 38
ActiveSyms: 37
ActiveSyms: 37
ActiveSyms: 35
ActiveSyms: 35
ActiveSyms: 35
ActiveSyms: 35
ActiveSyms: 35
ActiveSyms: 35
ActiveSyms: 34
ActiveSyms: 33
ActiveSyms: 33
ActiveSyms: 33
ActiveSyms: 35
ActiveSyms: 35
ActiveSyms: 35
ActiveSyms: 34
ActiveSyms: 35
ActiveSyms: 37
ActiveSyms: 35
ActiveSyms: 35
ActiveSyms: 35
ActiveSyms: 34
ActiveSyms: 37
ActiveSyms: 37
ActiveSyms: 38
ActiveSyms: 38
ActiveSyms: 37
ActiveSyms: 36
ActiveSyms: 37
ActiveSyms: 38
ActiveSyms: 38
ActiveSyms: 37
ActiveSyms: 37
ActiveSyms: 36
ActiveSyms: 37
ActiveSyms: 38
ActiveSyms: 38
ActiveSyms: 37
ActiveSyms: 37
ActiveSyms: 36
ActiveSyms: 37
ActiveSyms: 37
ActiveSyms: 37
ActiveSyms: 36
ActiveSyms: 36
ActiveSyms: 37
ActiveSyms: 37
ActiveSyms: 37
ActiveSyms: 38
ActiveSyms: 39
ActiveSyms: 42
ActiveSyms: 41
ActiveSyms: 42
ActiveSyms: 40
ActiveSyms: 39
ActiveSyms: 38
ActiveSyms: 37
ActiveSyms: 36
ActiveSyms: 36
ActiveSyms: 35
ActiveSyms: 36
ActiveSyms: 36
ActiveSyms: 36
ActiveSyms: 36
ActiveSyms: 35
ActiveSyms: 35
ActiveSyms: 35
ActiveSyms: 36
ActiveSyms: 36
ActiveSyms: 36
ActiveSyms: 36
ActiveSyms: 37
ActiveSyms: 37
ActiveSyms: 36
ActiveSyms: 37
ActiveSyms: 36
ActiveSyms: 36
ActiveSyms: 36
ActiveSyms: 36
ActiveSyms: 37
ActiveSyms: 36
ActiveSyms: 35
ActiveSyms: 35
ActiveSyms: 35
ActiveSyms: 35
ActiveSyms: 35
ActiveSyms: 35
ActiveSyms: 36
ActiveSyms: 36
ActiveSyms: 36
ActiveSyms: 36
ActiveSyms: 36
ActiveSyms: 36
ActiveSyms: 36
ActiveSyms: 36
ActiveSyms: 36
ActiveSyms: 35
ActiveSyms: 35
ActiveSyms: 36
ActiveSyms: 35
ActiveSyms: 36
ActiveSyms: 36
ActiveSyms: 35
ActiveSyms: 35
ActiveSyms: 35
ActiveSyms: 35
ActiveSyms: 35
ActiveSyms: 35
ActiveSyms: 35
ActiveSyms: 35
ActiveSyms: 35
ActiveSyms: 35
ActiveSyms: 37
ActiveSyms: 39
ActiveSyms: 40
ActiveSyms: 39
ActiveSyms: 38
ActiveSyms: 38
ActiveSyms: 38
ActiveSyms: 37
ActiveSyms: 37
ActiveSyms: 37
ActiveSyms: 38
ActiveSyms: 38
ActiveSyms: 37
ActiveSyms: 36
ActiveSyms: 40
ActiveSyms: 39
ActiveSyms: 38
ActiveSyms: 39
ActiveSyms: 38
ActiveSyms: 37
ActiveSyms: 37
ActiveSyms: 37
ActiveSyms: 36
ActiveSyms: 37
ActiveSyms: 38
ActiveSyms: 39
ActiveSyms: 40
ActiveSyms: 39
ActiveSyms: 39
ActiveSyms: 38
ActiveSyms: 38
ActiveSyms: 37
ActiveSyms: 37
ActiveSyms: 37
ActiveSyms: 36
ActiveSyms: 37
ActiveSyms: 37
ActiveSyms: 37
ActiveSyms: 37
ActiveSyms: 36
ActiveSyms: 38
ActiveSyms: 37
ActiveSyms: 37
ActiveSyms: 37
ActiveSyms: 37
ActiveSyms: 36
ActiveSyms: 37
ActiveSyms: 36
ActiveSyms: 37
ActiveSyms: 37
ActiveSyms: 36
ActiveSyms: 35
ActiveSyms: 35
ActiveSyms: 35
ActiveSyms: 36
ActiveSyms: 37
ActiveSyms: 37
ActiveSyms: 37
ActiveSyms: 37
ActiveSyms: 37
ActiveSyms: 38
ActiveSyms: 37
ActiveSyms: 36
ActiveSyms: 37
ActiveSyms: 37
ActiveSyms: 38
ActiveSyms: 38
ActiveSyms: 37
ActiveSyms: 37
ActiveSyms: 37
ActiveSyms: 37
ActiveSyms: 36
ActiveSyms: 35
ActiveSyms: 36
ActiveSyms: 37
ActiveSyms: 37
ActiveSyms: 36
ActiveSyms: 37
ActiveSyms: 37
ActiveSyms: 37
ActiveSyms: 38
ActiveSyms: 39
ActiveSyms: 40
ActiveSyms: 40
ActiveSyms: 39
ActiveSyms: 39
ActiveSyms: 39
ActiveSyms: 38
ActiveSyms: 37
ActiveSyms: 36
ActiveSyms: 36
ActiveSyms: 36
ActiveSyms: 36
ActiveSyms: 38
ActiveSyms: 39
ActiveSyms: 38
ActiveSyms: 38
ActiveSyms: 37
ActiveSyms: 36
ActiveSyms: 36
ActiveSyms: 36
ActiveSyms: 37
ActiveSyms: 39
ActiveSyms: 40
ActiveSyms: 40
ActiveSyms: 40
ActiveSyms: 40
ActiveSyms: 40
ActiveSyms: 41
ActiveSyms: 41
ActiveSyms: 40
ActiveSyms: 39
ActiveSyms: 40
ActiveSyms: 41
ActiveSyms: 40
ActiveSyms: 40
ActiveSyms: 41
ActiveSyms: 40
ActiveSyms: 39
ActiveSyms: 38
ActiveSyms: 38
ActiveSyms: 38
ActiveSyms: 41
ActiveSyms: 40
ActiveSyms: 40
ActiveSyms: 41
ActiveSyms: 41
ActiveSyms: 40
ActiveSyms: 39
ActiveSyms: 39
ActiveSyms: 38
ActiveSyms: 39
ActiveSyms: 39
ActiveSyms: 38
ActiveSyms: 37
ActiveSyms: 39
ActiveSyms: 39
ActiveSyms: 38
ActiveSyms: 37
ActiveSyms: 38
ActiveSyms: 39
ActiveSyms: 39
ActiveSyms: 41
ActiveSyms: 40
ActiveSyms: 39
ActiveSyms: 40
ActiveSyms: 39
ActiveSyms: 39
ActiveSyms: 38
ActiveSyms: 38
ActiveSyms: 37
ActiveSyms: 37
ActiveSyms: 36
ActiveSyms: 36
ActiveSyms: 36
ActiveSyms: 36
ActiveSyms: 37
ActiveSyms: 38
ActiveSyms: 38
ActiveSyms: 38
ActiveSyms: 39
ActiveSyms: 38
ActiveSyms: 37
ActiveSyms: 40
ActiveSyms: 39
ActiveSyms: 38
ActiveSyms: 38
ActiveSyms: 37
ActiveSyms: 37
ActiveSyms: 36
ActiveSyms: 38
ActiveSyms: 39
ActiveSyms: 40
ActiveSyms: 40
ActiveSyms: 39
ActiveSyms: 39
ActiveSyms: 39
ActiveSyms: 38
ActiveSyms: 37
ActiveSyms: 37
ActiveSyms: 37
ActiveSyms: 38
ActiveSyms: 37
ActiveSyms: 39
ActiveSyms: 39
ActiveSyms: 39
ActiveSyms: 38
ActiveSyms: 39
ActiveSyms: 39
ActiveSyms: 38
ActiveSyms: 37
ActiveSyms: 39
ActiveSyms: 40
ActiveSyms: 39
ActiveSyms: 38
ActiveSyms: 38
ActiveSyms: 38
ActiveSyms: 37
ActiveSyms: 36
ActiveSyms: 37
ActiveSyms: 39
ActiveSyms: 39
ActiveSyms: 37
ActiveSyms: 38
ActiveSyms: 38
ActiveSyms: 39
ActiveSyms: 39
ActiveSyms: 40
ActiveSyms: 40
ActiveSyms: 41
ActiveSyms: 41
ActiveSyms: 41
ActiveSyms: 42
ActiveSyms: 41
ActiveSyms: 40
ActiveSyms: 39
ActiveSyms: 37
ActiveSyms: 38
ActiveSyms: 37
ActiveSyms: 37
ActiveSyms: 37
ActiveSyms: 38
ActiveSyms: 37
ActiveSyms: 40
ActiveSyms: 41
ActiveSyms: 39
ActiveSyms: 39
ActiveSyms: 38
ActiveSyms: 39
ActiveSyms: 39
ActiveSyms: 38
ActiveSyms: 38
ActiveSyms: 38
ActiveSyms: 39
ActiveSyms: 41
ActiveSyms: 42
ActiveSyms: 41
ActiveSyms: 40
ActiveSyms: 39
ActiveSyms: 38
ActiveSyms: 39
ActiveSyms: 38
ActiveSyms: 38
ActiveSyms: 37
ActiveSyms: 37
ActiveSyms: 36
ActiveSyms: 37
ActiveSyms: 38
ActiveSyms: 39
ActiveSyms: 38
ActiveSyms: 37
ActiveSyms: 37
ActiveSyms: 37
ActiveSyms: 36
ActiveSyms: 38
ActiveSyms: 39
ActiveSyms: 38
ActiveSyms: 39
ActiveSyms: 40
ActiveSyms: 41
ActiveSyms: 41
ActiveSyms: 41
ActiveSyms: 40
ActiveSyms: 39
ActiveSyms: 38
ActiveSyms: 39
ActiveSyms: 38
ActiveSyms: 39
ActiveSyms: 38
ActiveSyms: 39
ActiveSyms: 41
ActiveSyms: 42
ActiveSyms: 41
ActiveSyms: 41
ActiveSyms: 40
ActiveSyms: 40
ActiveSyms: 39
ActiveSyms: 40
ActiveSyms: 39
ActiveSyms: 38
ActiveSyms: 38
ActiveSyms: 37
ActiveSyms: 37
ActiveSyms: 38
ActiveSyms: 41
ActiveSyms: 41
ActiveSyms: 40
ActiveSyms: 41
ActiveSyms: 40
ActiveSyms: 39
ActiveSyms: 39
ActiveSyms: 38
ActiveSyms: 41
ActiveSyms: 41
ActiveSyms: 41
ActiveSyms: 41
ActiveSyms: 40
ActiveSyms: 41
ActiveSyms: 40
ActiveSyms: 39
ActiveSyms: 39
ActiveSyms: 38
ActiveSyms: 37
ActiveSyms: 37
ActiveSyms: 38
ActiveSyms: 37
ActiveSyms: 37
ActiveSyms: 38
ActiveSyms: 37
ActiveSyms: 38
ActiveSyms: 41
ActiveSyms: 42
ActiveSyms: 40
ActiveSyms: 40
ActiveSyms: 41
ActiveSyms: 40
ActiveSyms: 39
ActiveSyms: 38
ActiveSyms: 38
ActiveSyms: 38
ActiveSyms: 37
ActiveSyms: 38
ActiveSyms: 38
ActiveSyms: 37
ActiveSyms: 37
ActiveSyms: 36
ActiveSyms: 37
ActiveSyms: 38
ActiveSyms: 37
ActiveSyms: 38
ActiveSyms: 39
ActiveSyms: 39
ActiveSyms: 39
ActiveSyms: 39
ActiveSyms: 39
ActiveSyms: 38
ActiveSyms: 37
ActiveSyms: 36
ActiveSyms: 38
ActiveSyms: 39
ActiveSyms: 39
ActiveSyms: 40
ActiveSyms: 39
ActiveSyms: 39
ActiveSyms: 38
ActiveSyms: 39
ActiveSyms: 39
ActiveSyms: 39
ActiveSyms: 39
ActiveSyms: 39
ActiveSyms: 39
ActiveSyms: 39
ActiveSyms: 38
ActiveSyms: 39
ActiveSyms: 39
ActiveSyms: 39
ActiveSyms: 39
ActiveSyms: 39
ActiveSyms: 39
ActiveSyms: 41
ActiveSyms: 41
ActiveSyms: 39
ActiveSyms: 41
ActiveSyms: 41
ActiveSyms: 40
ActiveSyms: 39
ActiveSyms: 40
ActiveSyms: 42
ActiveSyms: 42
ActiveSyms: 41
ActiveSyms: 40
ActiveSyms: 38
ActiveSyms: 38
ActiveSyms: 38
ActiveSyms: 38
ActiveSyms: 38
ActiveSyms: 40
ActiveSyms: 39
ActiveSyms: 39
ActiveSyms: 38
ActiveSyms: 38
ActiveSyms: 39
ActiveSyms: 39
ActiveSyms: 38
ActiveSyms: 38
ActiveSyms: 38
ActiveSyms: 41
ActiveSyms: 42
ActiveSyms: 42
ActiveSyms: 41
ActiveSyms: 43
ActiveSyms: 41
ActiveSyms: 42
ActiveSyms: 39
ActiveSyms: 39
ActiveSyms: 39
ActiveSyms: 39
ActiveSyms: 39
ActiveSyms: 40
ActiveSyms: 40
ActiveSyms: 40
ActiveSyms: 39
ActiveSyms: 40
ActiveSyms: 40
ActiveSyms: 40
ActiveSyms: 40
ActiveSyms: 40
ActiveSyms: 40
ActiveSyms: 39
ActiveSyms: 39
ActiveSyms: 39
ActiveSyms: 40
ActiveSyms: 40
ActiveSyms: 40
ActiveSyms: 40
ActiveSyms: 40
ActiveSyms: 39
ActiveSyms: 39
ActiveSyms: 39
ActiveSyms: 39
ActiveSyms: 38
ActiveSyms: 38
ActiveSyms: 37
ActiveSyms: 37
ActiveSyms: 38
ActiveSyms: 38
ActiveSyms: 37
ActiveSyms: 37
ActiveSyms: 37
ActiveSyms: 38
ActiveSyms: 38
ActiveSyms: 38
ActiveSyms: 38
ActiveSyms: 39
ActiveSyms: 39
ActiveSyms: 39
ActiveSyms: 39
ActiveSyms: 38
ActiveSyms: 38
ActiveSyms: 37
ActiveSyms: 37
ActiveSyms: 36
ActiveSyms: 37
ActiveSyms: 37
ActiveSyms: 37
ActiveSyms: 37
ActiveSyms: 36
ActiveSyms: 36
ActiveSyms: 36
ActiveSyms: 36
ActiveSyms: 37
ActiveSyms: 37
ActiveSyms: 36
ActiveSyms: 40
ActiveSyms: 39
ActiveSyms: 38
ActiveSyms: 38
ActiveSyms: 39
ActiveSyms: 40
ActiveSyms: 39
ActiveSyms: 38
ActiveSyms: 38
ActiveSyms: 38
ActiveSyms: 38
ActiveSyms: 37
ActiveSyms: 38
ActiveSyms: 39
ActiveSyms: 38
ActiveSyms: 38
ActiveSyms: 39
ActiveSyms: 40
ActiveSyms: 39
ActiveSyms: 38
ActiveSyms: 38
ActiveSyms: 39
ActiveSyms: 40
ActiveSyms: 39
ActiveSyms: 38
ActiveSyms: 38
ActiveSyms: 38
ActiveSyms: 39
ActiveSyms: 40
ActiveSyms: 39
ActiveSyms: 38
ActiveSyms: 38
ActiveSyms: 38
ActiveSyms: 38
ActiveSyms: 38
ActiveSyms: 38
ActiveSyms: 40
ActiveSyms: 38
ActiveSyms: 39
ActiveSyms: 40
ActiveSyms: 40
ActiveSyms: 57
ActiveSyms: 54
ActiveSyms: 51
ActiveSyms: 51
ActiveSyms: 49
ActiveSyms: 50
ActiveSyms: 48
ActiveSyms: 46
ActiveSyms: 48
ActiveSyms: 48
ActiveSyms: 50
ActiveSyms: 48
ActiveSyms: 48
ActiveSyms: 45
ActiveSyms: 45
ActiveSyms: 45
ActiveSyms: 44
ActiveSyms: 43
ActiveSyms: 43
ActiveSyms: 41
ActiveSyms: 41
ActiveSyms: 41
ActiveSyms: 40
ActiveSyms: 40
ActiveSyms: 39
ActiveSyms: 38
ActiveSyms: 38
ActiveSyms: 39
ActiveSyms: 39
ActiveSyms: 38
ActiveSyms: 39
ActiveSyms: 40
ActiveSyms: 41
ActiveSyms: 41
ActiveSyms: 42
ActiveSyms: 43
ActiveSyms: 44
ActiveSyms: 43
ActiveSyms: 41
ActiveSyms: 41
ActiveSyms: 42
ActiveSyms: 43
ActiveSyms: 43
ActiveSyms: 44
ActiveSyms: 43
ActiveSyms: 42
ActiveSyms: 42
ActiveSyms: 42
ActiveSyms: 44
ActiveSyms: 43
ActiveSyms: 44
ActiveSyms: 45
ActiveSyms: 45
ActiveSyms: 45
ActiveSyms: 48
ActiveSyms: 48
ActiveSyms: 51
ActiveSyms: 51
ActiveSyms: 52
ActiveSyms: 53
ActiveSyms: 50
ActiveSyms: 52
ActiveSyms: 51
ActiveSyms: 57
===============================================================================
restarts              : 8
conflicts             : 1240           (20666 /sec)
symconflicts          : 238            (3966 /sec)
decisions             : 2441           (0.00 % random) (40681 /sec)
propagations          : 45483          (758012 /sec)
sympropagations       : 1684           (28065 /sec)
conflict literals     : 52126          (7.55 % deleted)
literals     : 52126          (7.55 % deleted)

HEURISTIC USAGES
random                : 0           
activity w/ lookahead : 0           
activity no lookahead : 2441        
original sp           : 0           
sym count             : 0           

Memory used           : 6.00 MB
CPU time              : 0.060003 s

UNSATISFIABLE
