Test: chnl11_20.cnf
Options: -print-activity
WARNING: for repeatability, setting FPU to use double precision
============================[ Problem Statistics ]=============================
|                                                                             |
|  Number of symmetries:           59                                         |
|  Number of invertingSyms:         0                                         |
|  Number of variables:           440                                         |
|  Number of clauses:            4220                                         |
|  Parse time:                   0.00 s                                       |
|                                                                             |
============================[ Search Statistics ]==============================
| Conflicts |          ORIGINAL         |          LEARNT          | Progress |
|           |    Vars  Clauses Literals |    Limit  Clauses Lit/Cl |          |
===============================================================================
ActiveSyms: 59
ActiveSyms: 56
ActiveSyms: 54
ActiveSyms: 54
ActiveSyms: 54
ActiveSyms: 54
ActiveSyms: 54
ActiveSyms: 54
ActiveSyms: 54
ActiveSyms: 54
ActiveSyms: 54
ActiveSyms: 54
ActiveSyms: 52
ActiveSyms: 52
ActiveSyms: 52
ActiveSyms: 52
ActiveSyms: 52
ActiveSyms: 52
ActiveSyms: 52
ActiveSyms: 52
ActiveSyms: 52
ActiveSyms: 50
ActiveSyms: 50
ActiveSyms: 50
ActiveSyms: 50
ActiveSyms: 50
ActiveSyms: 50
ActiveSyms: 50
ActiveSyms: 50
ActiveSyms: 48
ActiveSyms: 48
ActiveSyms: 48
ActiveSyms: 48
ActiveSyms: 48
ActiveSyms: 48
ActiveSyms: 48
ActiveSyms: 46
ActiveSyms: 46
ActiveSyms: 46
ActiveSyms: 46
ActiveSyms: 46
ActiveSyms: 46
ActiveSyms: 44
ActiveSyms: 44
ActiveSyms: 44
ActiveSyms: 44
ActiveSyms: 44
ActiveSyms: 42
ActiveSyms: 42
ActiveSyms: 42
ActiveSyms: 42
ActiveSyms: 40
ActiveSyms: 40
ActiveSyms: 40
ActiveSyms: 38
ActiveSyms: 38
ActiveSyms: 36
ActiveSyms: 38
ActiveSyms: 40
ActiveSyms: 42
ActiveSyms: 44
ActiveSyms: 46
ActiveSyms: 48
ActiveSyms: 50
ActiveSyms: 52
ActiveSyms: 54
ActiveSyms: 59
===============================================================================
restarts              : 1
conflicts             : 11             (2750 /sec)
symconflicts          : 9              (2250 /sec)
decisions             : 56             (0.00 % random) (14000 /sec)
propagations          : 453            (113250 /sec)
sympropagations       : 64             (16000 /sec)
conflict literals     : 220            (0.00 % deleted)
literals     : 220            (0.00 % deleted)

HEURISTIC USAGES
random                : 0           
activity w/ lookahead : 0           
activity no lookahead : 0           
original sp           : 56          
sym count             : 0           

Memory used           : 5.00 MB
CPU time              : 0.004 s

UNSATISFIABLE
