Test: fpga10_8_sat.cnf
Options: -print-activity -no-inverting-opt -sym-usage-var-bump
WARNING: for repeatability, setting FPU to use double precision
============================[ Problem Statistics ]=============================
|                                                                             |
|  Number of symmetries:           22                                         |
|  Number of invertingSyms:         0                                         |
|  Number of variables:           120                                         |
|  Number of clauses:             448                                         |
|  Parse time:                   0.00 s                                       |
|                                                                             |
============================[ Search Statistics ]==============================
| Conflicts |          ORIGINAL         |          LEARNT          | Progress |
|           |    Vars  Clauses Literals |    Limit  Clauses Lit/Cl |          |
===============================================================================
ActiveSyms: 22
ActiveSyms: 19
ActiveSyms: 17
ActiveSyms: 17
ActiveSyms: 17
ActiveSyms: 18
ActiveSyms: 16
ActiveSyms: 16
ActiveSyms: 16
ActiveSyms: 18
ActiveSyms: 16
ActiveSyms: 16
ActiveSyms: 16
ActiveSyms: 18
ActiveSyms: 16
ActiveSyms: 16
ActiveSyms: 16
ActiveSyms: 18
ActiveSyms: 17
ActiveSyms: 17
ActiveSyms: 17
ActiveSyms: 19
ActiveSyms: 17
ActiveSyms: 17
ActiveSyms: 17
ActiveSyms: 18
ActiveSyms: 16
ActiveSyms: 16
ActiveSyms: 16
ActiveSyms: 18
ActiveSyms: 16
ActiveSyms: 16
ActiveSyms: 16
ActiveSyms: 18
ActiveSyms: 16
ActiveSyms: 14
ActiveSyms: 15
ActiveSyms: 15
ActiveSyms: 14
ActiveSyms: 15
ActiveSyms: 18
ActiveSyms: 16
ActiveSyms: 14
ActiveSyms: 13
ActiveSyms: 13
ActiveSyms: 13
ActiveSyms: 14
ActiveSyms: 13
ActiveSyms: 13
ActiveSyms: 12
ActiveSyms: 13
ActiveSyms: 18
ActiveSyms: 17
ActiveSyms: 13
ActiveSyms: 13
ActiveSyms: 12
ActiveSyms: 12
ActiveSyms: 13
ActiveSyms: 13
ActiveSyms: 13
ActiveSyms: 12
ActiveSyms: 11
ActiveSyms: 11
ActiveSyms: 14
ActiveSyms: 11
ActiveSyms: 14
ActiveSyms: 13
ActiveSyms: 11
ActiveSyms: 9
ActiveSyms: 9
ActiveSyms: 12
ActiveSyms: 10
ActiveSyms: 12
ActiveSyms: 13
ActiveSyms: 12
ActiveSyms: 13
ActiveSyms: 12
ActiveSyms: 12
ActiveSyms: 13
ActiveSyms: 13
ActiveSyms: 12
ActiveSyms: 14
ActiveSyms: 19
ActiveSyms: 17
ActiveSyms: 13
ActiveSyms: 13
ActiveSyms: 12
ActiveSyms: 13
ActiveSyms: 15
ActiveSyms: 13
ActiveSyms: 13
ActiveSyms: 13
ActiveSyms: 14
ActiveSyms: 12
ActiveSyms: 12
ActiveSyms: 11
ActiveSyms: 9
ActiveSyms: 9
ActiveSyms: 8
ActiveSyms: 9
ActiveSyms: 11
ActiveSyms: 9
ActiveSyms: 11
ActiveSyms: 14
ActiveSyms: 16
ActiveSyms: 18
ActiveSyms: 16
ActiveSyms: 12
ActiveSyms: 12
ActiveSyms: 13
ActiveSyms: 10
ActiveSyms: 10
ActiveSyms: 10
ActiveSyms: 9
ActiveSyms: 9
ActiveSyms: 9
ActiveSyms: 9
ActiveSyms: 9
ActiveSyms: 8
ActiveSyms: 8
ActiveSyms: 8
ActiveSyms: 8
ActiveSyms: 7
ActiveSyms: 8
ActiveSyms: 8
ActiveSyms: 8
ActiveSyms: 8
ActiveSyms: 8
ActiveSyms: 7
ActiveSyms: 8
ActiveSyms: 8
ActiveSyms: 8
ActiveSyms: 8
ActiveSyms: 7
ActiveSyms: 7
ActiveSyms: 8
ActiveSyms: 9
ActiveSyms: 9
ActiveSyms: 10
ActiveSyms: 8
ActiveSyms: 7
ActiveSyms: 8
ActiveSyms: 8
ActiveSyms: 8
ActiveSyms: 8
ActiveSyms: 8
ActiveSyms: 8
ActiveSyms: 8
ActiveSyms: 8
ActiveSyms: 8
ActiveSyms: 8
ActiveSyms: 8
ActiveSyms: 8
ActiveSyms: 7
ActiveSyms: 8
ActiveSyms: 8
ActiveSyms: 8
ActiveSyms: 8
ActiveSyms: 9
ActiveSyms: 9
ActiveSyms: 9
ActiveSyms: 9
ActiveSyms: 9
ActiveSyms: 8
ActiveSyms: 8
ActiveSyms: 8
ActiveSyms: 9
ActiveSyms: 8
ActiveSyms: 11
ActiveSyms: 9
ActiveSyms: 8
ActiveSyms: 8
ActiveSyms: 7
ActiveSyms: 7
ActiveSyms: 7
ActiveSyms: 8
ActiveSyms: 8
ActiveSyms: 9
ActiveSyms: 9
ActiveSyms: 8
ActiveSyms: 9
ActiveSyms: 8
ActiveSyms: 7
ActiveSyms: 7
ActiveSyms: 7
ActiveSyms: 8
ActiveSyms: 8
ActiveSyms: 8
ActiveSyms: 8
ActiveSyms: 8
ActiveSyms: 8
ActiveSyms: 7
ActiveSyms: 8
ActiveSyms: 8
ActiveSyms: 7
ActiveSyms: 7
ActiveSyms: 7
ActiveSyms: 9
ActiveSyms: 8
ActiveSyms: 8
ActiveSyms: 8
ActiveSyms: 7
ActiveSyms: 7
ActiveSyms: 7
ActiveSyms: 7
ActiveSyms: 7
ActiveSyms: 7
ActiveSyms: 7
ActiveSyms: 7
ActiveSyms: 7
ActiveSyms: 7
ActiveSyms: 7
ActiveSyms: 8
ActiveSyms: 8
ActiveSyms: 7
ActiveSyms: 8
ActiveSyms: 7
ActiveSyms: 8
ActiveSyms: 8
ActiveSyms: 7
ActiveSyms: 8
ActiveSyms: 8
ActiveSyms: 9
ActiveSyms: 9
ActiveSyms: 9
ActiveSyms: 8
ActiveSyms: 9
ActiveSyms: 8
ActiveSyms: 7
ActiveSyms: 8
ActiveSyms: 9
ActiveSyms: 9
ActiveSyms: 8
ActiveSyms: 9
ActiveSyms: 7
ActiveSyms: 8
ActiveSyms: 9
ActiveSyms: 8
ActiveSyms: 8
ActiveSyms: 8
ActiveSyms: 8
ActiveSyms: 9
ActiveSyms: 8
ActiveSyms: 7
ActiveSyms: 7
ActiveSyms: 8
ActiveSyms: 8
ActiveSyms: 8
ActiveSyms: 7
ActiveSyms: 7
ActiveSyms: 8
ActiveSyms: 8
ActiveSyms: 8
ActiveSyms: 9
ActiveSyms: 8
ActiveSyms: 8
ActiveSyms: 9
ActiveSyms: 9
ActiveSyms: 8
ActiveSyms: 8
ActiveSyms: 7
ActiveSyms: 8
ActiveSyms: 9
ActiveSyms: 8
ActiveSyms: 7
ActiveSyms: 7
ActiveSyms: 7
ActiveSyms: 7
ActiveSyms: 7
ActiveSyms: 7
ActiveSyms: 7
ActiveSyms: 7
ActiveSyms: 7
ActiveSyms: 7
ActiveSyms: 8
ActiveSyms: 7
ActiveSyms: 7
ActiveSyms: 8
ActiveSyms: 9
ActiveSyms: 7
|       100 |     120      448     1200 |      164      208     31 |  0.007 % |
ActiveSyms: 8
ActiveSyms: 9
ActiveSyms: 9
ActiveSyms: 22
ActiveSyms: 18
ActiveSyms: 18
ActiveSyms: 19
ActiveSyms: 17
ActiveSyms: 17
ActiveSyms: 19
ActiveSyms: 17
ActiveSyms: 16
ActiveSyms: 14
ActiveSyms: 14
ActiveSyms: 13
ActiveSyms: 13
ActiveSyms: 14
ActiveSyms: 13
ActiveSyms: 13
ActiveSyms: 11
ActiveSyms: 11
ActiveSyms: 12
ActiveSyms: 13
ActiveSyms: 12
ActiveSyms: 11
ActiveSyms: 9
ActiveSyms: 9
ActiveSyms: 10
ActiveSyms: 10
ActiveSyms: 10
ActiveSyms: 12
ActiveSyms: 12
ActiveSyms: 11
ActiveSyms: 11
ActiveSyms: 10
ActiveSyms: 9
ActiveSyms: 11
ActiveSyms: 10
ActiveSyms: 9
ActiveSyms: 9
ActiveSyms: 9
ActiveSyms: 9
ActiveSyms: 10
ActiveSyms: 10
ActiveSyms: 8
ActiveSyms: 8
ActiveSyms: 9
ActiveSyms: 8
ActiveSyms: 7
ActiveSyms: 6
ActiveSyms: 4
ActiveSyms: 4
ActiveSyms: 5
ActiveSyms: 4
ActiveSyms: 3
ActiveSyms: 3
ActiveSyms: 3
ActiveSyms: 5
ActiveSyms: 8
ActiveSyms: 9
ActiveSyms: 8
ActiveSyms: 7
ActiveSyms: 5
ActiveSyms: 5
ActiveSyms: 4
ActiveSyms: 4
ActiveSyms: 4
ActiveSyms: 4
ActiveSyms: 4
ActiveSyms: 4
ActiveSyms: 4
ActiveSyms: 4
ActiveSyms: 4
ActiveSyms: 4
ActiveSyms: 4
ActiveSyms: 4
ActiveSyms: 4
ActiveSyms: 4
ActiveSyms: 4
ActiveSyms: 3
ActiveSyms: 3
ActiveSyms: 2
ActiveSyms: 0
ActiveSyms: 0
ActiveSyms: 2
ActiveSyms: 0
ActiveSyms: 1
ActiveSyms: 0
===============================================================================
restarts              : 2
conflicts             : 111            (27750 /sec)
symconflicts          : 19             (4750 /sec)
decisions             : 256            (0.00 % random) (64000 /sec)
propagations          : 1779           (444750 /sec)
sympropagations       : 114            (28500 /sec)
conflict literals     : 3352           (3.21 % deleted)
literals     : 3352           (3.21 % deleted)

HEURISTIC USAGES
random                : 0           
activity w/ lookahead : 0           
activity no lookahead : 0           
original sp           : 255         
sym count             : 0           

Memory used           : 5.00 MB
CPU time              : 0.004 s

SATISFIABLE
